-------------------------------------------------------------------------------
Test set: com.jersey.resources.EmployeeResourceCosmosTest
-------------------------------------------------------------------------------
Tests run: 1, Failures: 0, Errors: 1, Skipped: 0, Time elapsed: 31.606 s <<< FAILURE! - in com.jersey.resources.EmployeeResourceCosmosTest
com.jersey.resources.EmployeeResourceCosmosTest  Time elapsed: 31.605 s  <<< ERROR!
java.lang.RuntimeException: Client initialization failed. Check if the endpoint is reachable and if your auth token is valid. More info: https://aka.ms/cosmosdb-tsg-service-unavailable-java

