<?xml version="1.0" encoding="UTF-8"?>
<testsuite xmlns:xsi="http://www.w3.org/2001/XMLSchema-instance" xsi:noNamespaceSchemaLocation="https://maven.apache.org/surefire/maven-surefire-plugin/xsd/surefire-test-report.xsd" name="com.jersey.resources.EmployeeResourceTest" time="0.622" tests="1" errors="1" skipped="0" failures="0">
  <properties>
[...]
</properties>
  <testcase name="com.jersey.resources.EmployeeResourceTest" classname="com.jersey.resources.EmployeeResourceTest" time="0.622">
    <error message="javax/ws/rs/core/Configuration" type="java.lang.NoClassDefFoundError">java.lang.NoClassDefFoundError: javax/ws/rs/core/Configuration
	at com.jersey.resources.EmployeeResourceTest.setUp(EmployeeResourceTest.java:29)
Caused by: java.lang.ClassNotFoundException: javax.ws.rs.core.Configuration
	at com.jersey.resources.EmployeeResourceTest.setUp(EmployeeResourceTest.java:29)
</error>
    <system-out><![CDATA[09:58:36.095 [main] DEBUG org.testcontainers.utility.TestcontainersConfiguration -- Testcontainers configuration overrides will be loaded from file:/home/shane/.testcontainers.properties
09:58:36.099 [main] INFO org.testcontainers.utility.ImageNameSubstitutor -- Image name substitution will be performed by: DefaultImageNameSubstitutor (composite of 'ConfigurationFileImageNameSubstitutor' and 'PrefixingImageNameSubstitutor')
]]></system-out>
  </testcase>
</testsuite>