<?xml version="1.0" encoding="UTF-8"?>
<testsuite xmlns:xsi="http://www.w3.org/2001/XMLSchema-instance" xsi:noNamespaceSchemaLocation="https://maven.apache.org/surefire/maven-surefire-plugin/xsd/surefire-test-report.xsd" name="com.jersey.resources.EmployeeResourceTest" time="5.105" tests="1" errors="1" skipped="0" failures="0">
  <properties>
[...]
</properties>
  <testcase name="com.jersey.resources.EmployeeResourceTest" classname="com.jersey.resources.EmployeeResourceTest" time="5.101">
    <error message="Illegal base64 character 2d" type="java.lang.IllegalArgumentException">java.lang.IllegalArgumentException: Illegal base64 character 2d
	at com.jersey.resources.EmployeeResourceTest.setUp(EmployeeResourceTest.java:31)
</error>
    <system-out><![CDATA[11:42:32.877 [main] DEBUG org.testcontainers.utility.TestcontainersConfiguration -- Testcontainers configuration overrides will be loaded from file:/home/shane/.testcontainers.properties
11:42:32.880 [main] INFO org.testcontainers.utility.ImageNameSubstitutor -- Image name substitution will be performed by: DefaultImageNameSubstitutor (composite of 'ConfigurationFileImageNameSubstitutor' and 'PrefixingImageNameSubstitutor')
11:42:32.881 [main] INFO com.jersey.resources.db.PostgresTestContainer -- enter start.....
11:42:32.971 [main] INFO org.testcontainers.dockerclient.DockerClientProviderStrategy -- Loaded org.testcontainers.dockerclient.UnixSocketClientProviderStrategy from ~/.testcontainers.properties, will try it first
11:42:32.972 [main] DEBUG org.testcontainers.dockerclient.DockerClientProviderStrategy -- Trying out strategy: UnixSocketClientProviderStrategy
11:42:33.023 [main] DEBUG org.testcontainers.shaded.com.github.dockerjava.core.command.AbstrDockerCmd -- Cmd: 
11:42:33.032 [main] DEBUG com.github.dockerjava.zerodep.shaded.org.apache.hc.client5.http.impl.classic.InternalHttpClient -- ex-00000001: preparing request execution
11:42:33.033 [main] DEBUG com.github.dockerjava.zerodep.shaded.org.apache.hc.client5.http.protocol.RequestAddCookies -- Cookie spec selected: strict
11:42:33.034 [main] DEBUG com.github.dockerjava.zerodep.shaded.org.apache.hc.client5.http.protocol.RequestAuthCache -- Auth cache not set in the context
11:42:33.034 [main] DEBUG com.github.dockerjava.zerodep.shaded.org.apache.hc.client5.http.impl.classic.ProtocolExec -- ex-00000001: target auth state: UNCHALLENGED
11:42:33.035 [main] DEBUG com.github.dockerjava.zerodep.shaded.org.apache.hc.client5.http.impl.classic.ProtocolExec -- ex-00000001: proxy auth state: UNCHALLENGED
11:42:33.035 [main] DEBUG com.github.dockerjava.zerodep.shaded.org.apache.hc.client5.http.impl.classic.ConnectExec -- ex-00000001: acquiring connection with route {}->unix://localhost:2375
11:42:33.035 [main] DEBUG com.github.dockerjava.zerodep.shaded.org.apache.hc.client5.http.impl.classic.InternalHttpClient -- ex-00000001: acquiring endpoint (3 MINUTES)
11:42:33.036 [main] DEBUG com.github.dockerjava.zerodep.shaded.org.apache.hc.client5.http.impl.io.PoolingHttpClientConnectionManager -- ex-00000001: endpoint lease request (3 MINUTES) [route: {}->unix://localhost:2375][total available: 0; route allocated: 0 of 2147483647; total allocated: 0 of 2147483647]
11:42:33.038 [main] DEBUG com.github.dockerjava.zerodep.shaded.org.apache.hc.client5.http.impl.io.PoolingHttpClientConnectionManager -- ex-00000001: endpoint leased [route: {}->unix://localhost:2375][total available: 0; route allocated: 1 of 2147483647; total allocated: 1 of 2147483647]
11:42:33.041 [main] DEBUG com.github.dockerjava.zerodep.shaded.org.apache.hc.client5.http.impl.io.PoolingHttpClientConnectionManager -- ex-00000001: acquired ep-00000000
11:42:33.041 [main] DEBUG com.github.dockerjava.zerodep.shaded.org.apache.hc.client5.http.impl.classic.InternalHttpClient -- ex-00000001: acquired endpoint ep-00000000
11:42:33.042 [main] DEBUG com.github.dockerjava.zerodep.shaded.org.apache.hc.client5.http.impl.classic.ConnectExec -- ex-00000001: opening connection {}->unix://localhost:2375
11:42:33.042 [main] DEBUG com.github.dockerjava.zerodep.shaded.org.apache.hc.client5.http.impl.classic.InternalHttpClient -- ep-00000000: connecting endpoint (3 MINUTES)
11:42:33.042 [main] DEBUG com.github.dockerjava.zerodep.shaded.org.apache.hc.client5.http.impl.io.PoolingHttpClientConnectionManager -- ep-00000000: connecting endpoint to unix://localhost:2375 (3 MINUTES)
11:42:33.044 [main] DEBUG com.github.dockerjava.zerodep.shaded.org.apache.hc.client5.http.impl.io.DefaultHttpClientConnectionOperator -- http-outgoing-0: connecting to localhost/127.0.0.1:2375
11:42:33.044 [main] DEBUG com.github.dockerjava.zerodep.shaded.org.apache.hc.client5.http.impl.io.DefaultHttpClientConnectionOperator -- http-outgoing-0: connection established /var/run/docker.sock<->/var/run/docker.sock
11:42:33.045 [main] DEBUG com.github.dockerjava.zerodep.shaded.org.apache.hc.client5.http.impl.io.PoolingHttpClientConnectionManager -- ep-00000000: connected http-outgoing-0
11:42:33.045 [main] DEBUG com.github.dockerjava.zerodep.shaded.org.apache.hc.client5.http.impl.classic.InternalHttpClient -- ep-00000000: endpoint connected
11:42:33.045 [main] DEBUG com.github.dockerjava.zerodep.shaded.org.apache.hc.client5.http.impl.classic.MainClientExec -- ex-00000001: executing GET /v1.32/info HTTP/1.1
11:42:33.046 [main] DEBUG com.github.dockerjava.zerodep.shaded.org.apache.hc.client5.http.impl.classic.InternalHttpClient -- ep-00000000: start execution ex-00000001
11:42:33.046 [main] DEBUG com.github.dockerjava.zerodep.shaded.org.apache.hc.client5.http.impl.io.PoolingHttpClientConnectionManager -- ep-00000000: executing exchange ex-00000001 over http-outgoing-0
11:42:33.046 [main] DEBUG com.github.dockerjava.zerodep.shaded.org.apache.hc.client5.http.headers -- http-outgoing-0 >> GET /v1.32/info HTTP/1.1
11:42:33.047 [main] DEBUG com.github.dockerjava.zerodep.shaded.org.apache.hc.client5.http.headers -- http-outgoing-0 >> x-tc-sid: 6bf517ca-ce7d-427b-aa6b-16888a9bfaf7
11:42:33.047 [main] DEBUG com.github.dockerjava.zerodep.shaded.org.apache.hc.client5.http.headers -- http-outgoing-0 >> Accept-Encoding: gzip, x-gzip, deflate
11:42:33.047 [main] DEBUG com.github.dockerjava.zerodep.shaded.org.apache.hc.client5.http.headers -- http-outgoing-0 >> Host: localhost:2375
11:42:33.047 [main] DEBUG com.github.dockerjava.zerodep.shaded.org.apache.hc.client5.http.headers -- http-outgoing-0 >> Connection: keep-alive
11:42:33.047 [main] DEBUG com.github.dockerjava.zerodep.shaded.org.apache.hc.client5.http.headers -- http-outgoing-0 >> User-Agent: Apache-HttpClient/5.0.3 (Java/17.0.6)
11:42:33.047 [main] DEBUG com.github.dockerjava.zerodep.shaded.org.apache.hc.client5.http.wire -- http-outgoing-0 >> "GET /v1.32/info HTTP/1.1[\r][\n]"
11:42:33.047 [main] DEBUG com.github.dockerjava.zerodep.shaded.org.apache.hc.client5.http.wire -- http-outgoing-0 >> "x-tc-sid: 6bf517ca-ce7d-427b-aa6b-16888a9bfaf7[\r][\n]"
11:42:33.047 [main] DEBUG com.github.dockerjava.zerodep.shaded.org.apache.hc.client5.http.wire -- http-outgoing-0 >> "Accept-Encoding: gzip, x-gzip, deflate[\r][\n]"
11:42:33.047 [main] DEBUG com.github.dockerjava.zerodep.shaded.org.apache.hc.client5.http.wire -- http-outgoing-0 >> "Host: localhost:2375[\r][\n]"
11:42:33.047 [main] DEBUG com.github.dockerjava.zerodep.shaded.org.apache.hc.client5.http.wire -- http-outgoing-0 >> "Connection: keep-alive[\r][\n]"
11:42:33.047 [main] DEBUG com.github.dockerjava.zerodep.shaded.org.apache.hc.client5.http.wire -- http-outgoing-0 >> "User-Agent: Apache-HttpClient/5.0.3 (Java/17.0.6)[\r][\n]"
11:42:33.047 [main] DEBUG com.github.dockerjava.zerodep.shaded.org.apache.hc.client5.http.wire -- http-outgoing-0 >> "[\r][\n]"
11:42:33.055 [main] DEBUG com.github.dockerjava.zerodep.shaded.org.apache.hc.client5.http.wire -- http-outgoing-0 << "HTTP/1.1 200 OK[\r][\n]"
11:42:33.055 [main] DEBUG com.github.dockerjava.zerodep.shaded.org.apache.hc.client5.http.wire -- http-outgoing-0 << "Api-Version: 1.42[\r][\n]"
11:42:33.055 [main] DEBUG com.github.dockerjava.zerodep.shaded.org.apache.hc.client5.http.wire -- http-outgoing-0 << "Content-Type: application/json[\r][\n]"
11:42:33.055 [main] DEBUG com.github.dockerjava.zerodep.shaded.org.apache.hc.client5.http.wire -- http-outgoing-0 << "Date: Fri, 02 Jun 2023 18:42:33 GMT[\r][\n]"
11:42:33.055 [main] DEBUG com.github.dockerjava.zerodep.shaded.org.apache.hc.client5.http.wire -- http-outgoing-0 << "Docker-Experimental: false[\r][\n]"
11:42:33.055 [main] DEBUG com.github.dockerjava.zerodep.shaded.org.apache.hc.client5.http.wire -- http-outgoing-0 << "Ostype: linux[\r][\n]"
11:42:33.055 [main] DEBUG com.github.dockerjava.zerodep.shaded.org.apache.hc.client5.http.wire -- http-outgoing-0 << "Server: Docker/23.0.5 (linux)[\r][\n]"
11:42:33.055 [main] DEBUG com.github.dockerjava.zerodep.shaded.org.apache.hc.client5.http.wire -- http-outgoing-0 << "Transfer-Encoding: chunked[\r][\n]"
11:42:33.055 [main] DEBUG com.github.dockerjava.zerodep.shaded.org.apache.hc.client5.http.wire -- http-outgoing-0 << "[\r][\n]"
11:42:33.056 [main] DEBUG com.github.dockerjava.zerodep.shaded.org.apache.hc.client5.http.headers -- http-outgoing-0 << HTTP/1.1 200 OK
11:42:33.056 [main] DEBUG com.github.dockerjava.zerodep.shaded.org.apache.hc.client5.http.headers -- http-outgoing-0 << Api-Version: 1.42
11:42:33.057 [main] DEBUG com.github.dockerjava.zerodep.shaded.org.apache.hc.client5.http.headers -- http-outgoing-0 << Content-Type: application/json
11:42:33.057 [main] DEBUG com.github.dockerjava.zerodep.shaded.org.apache.hc.client5.http.headers -- http-outgoing-0 << Date: Fri, 02 Jun 2023 18:42:33 GMT
11:42:33.057 [main] DEBUG com.github.dockerjava.zerodep.shaded.org.apache.hc.client5.http.headers -- http-outgoing-0 << Docker-Experimental: false
11:42:33.057 [main] DEBUG com.github.dockerjava.zerodep.shaded.org.apache.hc.client5.http.headers -- http-outgoing-0 << Ostype: linux
11:42:33.057 [main] DEBUG com.github.dockerjava.zerodep.shaded.org.apache.hc.client5.http.headers -- http-outgoing-0 << Server: Docker/23.0.5 (linux)
11:42:33.057 [main] DEBUG com.github.dockerjava.zerodep.shaded.org.apache.hc.client5.http.headers -- http-outgoing-0 << Transfer-Encoding: chunked
11:42:33.059 [main] DEBUG com.github.dockerjava.zerodep.shaded.org.apache.hc.client5.http.impl.classic.MainClientExec -- ex-00000001: connection can be kept alive for 3 MINUTES
11:42:33.060 [main] DEBUG com.github.dockerjava.zerodep.shaded.org.apache.hc.client5.http.wire -- http-outgoing-0 << "a63[\r][\n]"
11:42:33.061 [main] DEBUG com.github.dockerjava.zerodep.shaded.org.apache.hc.client5.http.wire -- http-outgoing-0 << "{"ID":"fdfcf0e4-095b-4d52-b25f-04a7b3fd4a0a","Containers":7,"ContainersRunning":2,"ContainersPaused":0,"ContainersStopped":5,"Images":43,"Driver":"overlay2","DriverStatus":[["Backing Filesystem","extfs"],["Supports d_type","true"],["Using metacopy","false"],["Native Overlay Diff","true"],["userxattr","false"]],"Plugins":{"Volume":["local"],"Network":["bridge","host","ipvlan","macvlan","null","overlay"],"Authorization":null,"Log":["awslogs","fluentd","gcplogs","gelf","journald","json-file","local","logentries","splunk","syslog"]},"MemoryLimit":true,"SwapLimit":true,"KernelMemory":true,"KernelMemoryTCP":true,"CpuCfsPeriod":true,"CpuCfsQuota":true,"CPUShares":true,"CPUSet":true,"PidsLimit":true,"IPv4Forwarding":true,"BridgeNfIptables":true,"BridgeNfIp6tables":true,"Debug":false,"NFd":515,"OomKillDisable":true,"NGoroutines":990,"SystemTime":"2023-06-02T18:42:33.048918529Z","LoggingDriver":"json-file","CgroupDriver":"cgroupfs","CgroupVersion":"1","NEventsListener":10,"KernelVersion":"5.15.90.1-microsoft-standard-WSL2","OperatingSystem":"Docker Desktop","OSVersion":"","OSType":"linux","Architecture":"x86_64","IndexServerAddress":"https://index.docker.io/v1/","RegistryConfig":{"AllowNondistributableArtifactsCIDRs":null,"AllowNondistributableArtifactsHostnames":null,"InsecureRegistryCIDRs":["127.0.0.0/8"],"IndexConfigs":{"docker.io":{"Name":"docker.io","Mirrors":[],"Secure":true,"Official":true},"hubproxy.docker.internal:5555":{"Name":"hubproxy.docker.internal:5555","Mirrors":[],"Secure":false,"Official":false}},"Mirrors":null},"NCPU":32,"MemTotal":67345637376,"GenericResources":null,"DockerRootDir":"/var/lib/docker","HttpProxy":"http.docker.internal:3128","HttpsProxy":"http.docker.internal:3128","NoProxy":"hubproxy.docker.internal","Name":"docker-desktop","Labels":[],"ExperimentalBuild":false,"ServerVersion":"23.0.5","Runtimes":{"io.containerd.runc.v2":{"path":"runc"},"runc":{"path":"runc"}},"DefaultRuntime":"runc","Swarm":{"NodeID":"","NodeAddr":"","LocalNodeState":"inactive","ControlAvailable":false,"Error":"","RemoteManagers":null},"LiveRestoreEnabled":false,"Isolation":"","InitBinary":"docker-init","ContainerdCommit":{"ID":"2806fc1057397dbaeefbea0e4e17bddfbd388f38","Expected":"2806fc1057397dbaeefbea0e4e17bddfbd388f38"},"RuncCommit":{"ID":"v1.1.5-0-gf19387a","Expected":"v1.1.5-0-gf19387a"},"InitCommit":{"ID":"de40ad0","Expected":"de40ad0"},"SecurityOptions":["name=seccomp,profile=builtin"],"Warnings":["WARNING: No blkio throttle.read_bps_device support","WARNING: No blkio throttle.write_bps_device support","WARNING: No blkio throttle.read_iops_device support","WARNING: No blkio throttle.write_iops_device support"]}[\n]"
11:42:33.061 [main] DEBUG com.github.dockerjava.zerodep.shaded.org.apache.hc.client5.http.wire -- http-outgoing-0 << "[\r][\n]"
11:42:33.061 [main] DEBUG com.github.dockerjava.zerodep.shaded.org.apache.hc.client5.http.wire -- http-outgoing-0 << "0[\r][\n]"
11:42:33.061 [main] DEBUG com.github.dockerjava.zerodep.shaded.org.apache.hc.client5.http.wire -- http-outgoing-0 << "[\r][\n]"
11:42:33.101 [main] DEBUG com.github.dockerjava.zerodep.shaded.org.apache.hc.client5.http.impl.classic.InternalHttpClient -- ep-00000000: releasing valid endpoint
11:42:33.101 [main] DEBUG com.github.dockerjava.zerodep.shaded.org.apache.hc.client5.http.impl.io.PoolingHttpClientConnectionManager -- ep-00000000: releasing endpoint
11:42:33.102 [main] DEBUG com.github.dockerjava.zerodep.shaded.org.apache.hc.client5.http.impl.io.PoolingHttpClientConnectionManager -- ep-00000000: connection http-outgoing-0 can be kept alive for 3 MINUTES
11:42:33.102 [main] DEBUG com.github.dockerjava.zerodep.shaded.org.apache.hc.client5.http.impl.io.PoolingHttpClientConnectionManager -- ep-00000000: connection released [route: {}->unix://localhost:2375][total available: 1; route allocated: 1 of 2147483647; total allocated: 1 of 2147483647]
11:42:33.102 [main] INFO org.testcontainers.dockerclient.DockerClientProviderStrategy -- Found Docker environment with local Unix socket (unix:///var/run/docker.sock)
11:42:33.102 [main] DEBUG org.testcontainers.dockerclient.DockerClientProviderStrategy -- Transport type: 'httpclient5', Docker host: 'unix:///var/run/docker.sock'
11:42:33.102 [main] DEBUG org.testcontainers.dockerclient.DockerClientProviderStrategy -- Checking Docker OS type for local Unix socket (unix:///var/run/docker.sock)
11:42:33.103 [main] INFO org.testcontainers.DockerClientFactory -- Docker host IP address is localhost
11:42:33.103 [main] DEBUG org.testcontainers.DockerClientFactory -- Docker info: {NGoroutines=990, Name=docker-desktop, Swarm={NodeID=, NodeAddr=, LocalNodeState=inactive, ControlAvailable=false, Error=, RemoteManagers=null}, RuncCommit={ID=v1.1.5-0-gf19387a, Expected=v1.1.5-0-gf19387a}, OSVersion=, Runtimes={io.containerd.runc.v2={path=runc}, runc={path=runc}}, ID=fdfcf0e4-095b-4d52-b25f-04a7b3fd4a0a, DriverStatus=[[Backing Filesystem, extfs], [Supports d_type, true], [Using metacopy, false], [Native Overlay Diff, true], [userxattr, false]], BridgeNfIptables=true, LiveRestoreEnabled=false, SystemTime=2023-06-02T18:42:33.048918529Z, NoProxy=hubproxy.docker.internal, Architecture=x86_64, NEventsListener=10, HttpsProxy=http.docker.internal:3128, Images=43, ContainersRunning=2, Labels=[], InitCommit={ID=de40ad0, Expected=de40ad0}, NFd=515, KernelVersion=5.15.90.1-microsoft-standard-WSL2, LoggingDriver=json-file, OSType=linux, SecurityOptions=[name=seccomp,profile=builtin], ContainerdCommit={ID=2806fc1057397dbaeefbea0e4e17bddfbd388f38, Expected=2806fc1057397dbaeefbea0e4e17bddfbd388f38}, GenericResources=null, KernelMemory=true, OperatingSystem=Docker Desktop, RegistryConfig={AllowNondistributableArtifactsCIDRs=null, AllowNondistributableArtifactsHostnames=null, InsecureRegistryCIDRs=[127.0.0.0/8], IndexConfigs={docker.io={Name=docker.io, Mirrors=[], Secure=true, Official=true}, hubproxy.docker.internal:5555={Name=hubproxy.docker.internal:5555, Mirrors=[], Secure=false, Official=false}}, Mirrors=null}, ServerVersion=23.0.5, OomKillDisable=true, CpuCfsQuota=true, Containers=7, Driver=overlay2, KernelMemoryTCP=true, IPv4Forwarding=true, ExperimentalBuild=false, DockerRootDir=/var/lib/docker, CPUSet=true, CpuCfsPeriod=true, DefaultRuntime=runc, CPUShares=true, Debug=false, NCPU=32, Plugins={Volume=[local], Network=[bridge, host, ipvlan, macvlan, null, overlay], Authorization=null, Log=[awslogs, fluentd, gcplogs, gelf, journald, json-file, local, logentries, splunk, syslog]}, SwapLimit=true, CgroupDriver=cgroupfs, ContainersPaused=0, MemTotal=67345637376, IndexServerAddress=https://index.docker.io/v1/, MemoryLimit=true, HttpProxy=http.docker.internal:3128, InitBinary=docker-init, CgroupVersion=1, PidsLimit=true, Isolation=, BridgeNfIp6tables=true, Warnings=[WARNING: No blkio throttle.read_bps_device support, WARNING: No blkio throttle.write_bps_device support, WARNING: No blkio throttle.read_iops_device support, WARNING: No blkio throttle.write_iops_device support], ContainersStopped=5}
11:42:33.103 [main] DEBUG org.testcontainers.shaded.com.github.dockerjava.core.command.AbstrDockerCmd -- Cmd: 
11:42:33.104 [main] DEBUG com.github.dockerjava.zerodep.shaded.org.apache.hc.client5.http.impl.classic.InternalHttpClient -- ex-00000002: preparing request execution
11:42:33.104 [main] DEBUG com.github.dockerjava.zerodep.shaded.org.apache.hc.client5.http.protocol.RequestAddCookies -- Cookie spec selected: strict
11:42:33.104 [main] DEBUG com.github.dockerjava.zerodep.shaded.org.apache.hc.client5.http.protocol.RequestAuthCache -- Auth cache not set in the context
11:42:33.105 [main] DEBUG com.github.dockerjava.zerodep.shaded.org.apache.hc.client5.http.impl.classic.ProtocolExec -- ex-00000002: target auth state: UNCHALLENGED
11:42:33.105 [main] DEBUG com.github.dockerjava.zerodep.shaded.org.apache.hc.client5.http.impl.classic.ProtocolExec -- ex-00000002: proxy auth state: UNCHALLENGED
11:42:33.105 [main] DEBUG com.github.dockerjava.zerodep.shaded.org.apache.hc.client5.http.impl.classic.ConnectExec -- ex-00000002: acquiring connection with route {}->unix://localhost:2375
11:42:33.105 [main] DEBUG com.github.dockerjava.zerodep.shaded.org.apache.hc.client5.http.impl.classic.InternalHttpClient -- ex-00000002: acquiring endpoint (3 MINUTES)
11:42:33.105 [main] DEBUG com.github.dockerjava.zerodep.shaded.org.apache.hc.client5.http.impl.io.PoolingHttpClientConnectionManager -- ex-00000002: endpoint lease request (3 MINUTES) [route: {}->unix://localhost:2375][total available: 1; route allocated: 1 of 2147483647; total allocated: 1 of 2147483647]
11:42:33.105 [main] DEBUG com.github.dockerjava.zerodep.shaded.org.apache.hc.client5.http.impl.io.PoolingHttpClientConnectionManager -- ex-00000002: endpoint leased [route: {}->unix://localhost:2375][total available: 0; route allocated: 1 of 2147483647; total allocated: 1 of 2147483647]
11:42:33.105 [main] DEBUG com.github.dockerjava.zerodep.shaded.org.apache.hc.client5.http.impl.io.PoolingHttpClientConnectionManager -- ex-00000002: acquired ep-00000001
11:42:33.105 [main] DEBUG com.github.dockerjava.zerodep.shaded.org.apache.hc.client5.http.impl.classic.InternalHttpClient -- ex-00000002: acquired endpoint ep-00000001
11:42:33.105 [main] DEBUG com.github.dockerjava.zerodep.shaded.org.apache.hc.client5.http.impl.classic.MainClientExec -- ex-00000002: executing GET /v1.32/version HTTP/1.1
11:42:33.105 [main] DEBUG com.github.dockerjava.zerodep.shaded.org.apache.hc.client5.http.impl.classic.InternalHttpClient -- ep-00000001: start execution ex-00000002
11:42:33.105 [main] DEBUG com.github.dockerjava.zerodep.shaded.org.apache.hc.client5.http.impl.io.PoolingHttpClientConnectionManager -- ep-00000001: executing exchange ex-00000002 over http-outgoing-0
11:42:33.105 [main] DEBUG com.github.dockerjava.zerodep.shaded.org.apache.hc.client5.http.headers -- http-outgoing-0 >> GET /v1.32/version HTTP/1.1
11:42:33.105 [main] DEBUG com.github.dockerjava.zerodep.shaded.org.apache.hc.client5.http.headers -- http-outgoing-0 >> accept: application/json
11:42:33.105 [main] DEBUG com.github.dockerjava.zerodep.shaded.org.apache.hc.client5.http.headers -- http-outgoing-0 >> x-tc-sid: 6bf517ca-ce7d-427b-aa6b-16888a9bfaf7
11:42:33.105 [main] DEBUG com.github.dockerjava.zerodep.shaded.org.apache.hc.client5.http.headers -- http-outgoing-0 >> Accept-Encoding: gzip, x-gzip, deflate
11:42:33.105 [main] DEBUG com.github.dockerjava.zerodep.shaded.org.apache.hc.client5.http.headers -- http-outgoing-0 >> Host: localhost:2375
11:42:33.106 [main] DEBUG com.github.dockerjava.zerodep.shaded.org.apache.hc.client5.http.headers -- http-outgoing-0 >> Connection: keep-alive
11:42:33.106 [main] DEBUG com.github.dockerjava.zerodep.shaded.org.apache.hc.client5.http.headers -- http-outgoing-0 >> User-Agent: Apache-HttpClient/5.0.3 (Java/17.0.6)
11:42:33.106 [main] DEBUG com.github.dockerjava.zerodep.shaded.org.apache.hc.client5.http.wire -- http-outgoing-0 >> "GET /v1.32/version HTTP/1.1[\r][\n]"
11:42:33.106 [main] DEBUG com.github.dockerjava.zerodep.shaded.org.apache.hc.client5.http.wire -- http-outgoing-0 >> "accept: application/json[\r][\n]"
11:42:33.106 [main] DEBUG com.github.dockerjava.zerodep.shaded.org.apache.hc.client5.http.wire -- http-outgoing-0 >> "x-tc-sid: 6bf517ca-ce7d-427b-aa6b-16888a9bfaf7[\r][\n]"
11:42:33.106 [main] DEBUG com.github.dockerjava.zerodep.shaded.org.apache.hc.client5.http.wire -- http-outgoing-0 >> "Accept-Encoding: gzip, x-gzip, deflate[\r][\n]"
11:42:33.106 [main] DEBUG com.github.dockerjava.zerodep.shaded.org.apache.hc.client5.http.wire -- http-outgoing-0 >> "Host: localhost:2375[\r][\n]"
11:42:33.106 [main] DEBUG com.github.dockerjava.zerodep.shaded.org.apache.hc.client5.http.wire -- http-outgoing-0 >> "Connection: keep-alive[\r][\n]"
11:42:33.106 [main] DEBUG com.github.dockerjava.zerodep.shaded.org.apache.hc.client5.http.wire -- http-outgoing-0 >> "User-Agent: Apache-HttpClient/5.0.3 (Java/17.0.6)[\r][\n]"
11:42:33.106 [main] DEBUG com.github.dockerjava.zerodep.shaded.org.apache.hc.client5.http.wire -- http-outgoing-0 >> "[\r][\n]"
11:42:33.113 [main] DEBUG com.github.dockerjava.zerodep.shaded.org.apache.hc.client5.http.wire -- http-outgoing-0 << "HTTP/1.1 200 OK[\r][\n]"
11:42:33.113 [main] DEBUG com.github.dockerjava.zerodep.shaded.org.apache.hc.client5.http.wire -- http-outgoing-0 << "Api-Version: 1.42[\r][\n]"
11:42:33.113 [main] DEBUG com.github.dockerjava.zerodep.shaded.org.apache.hc.client5.http.wire -- http-outgoing-0 << "Content-Type: application/json[\r][\n]"
11:42:33.113 [main] DEBUG com.github.dockerjava.zerodep.shaded.org.apache.hc.client5.http.wire -- http-outgoing-0 << "Date: Fri, 02 Jun 2023 18:42:33 GMT[\r][\n]"
11:42:33.113 [main] DEBUG com.github.dockerjava.zerodep.shaded.org.apache.hc.client5.http.wire -- http-outgoing-0 << "Docker-Experimental: false[\r][\n]"
11:42:33.113 [main] DEBUG com.github.dockerjava.zerodep.shaded.org.apache.hc.client5.http.wire -- http-outgoing-0 << "Ostype: linux[\r][\n]"
11:42:33.113 [main] DEBUG com.github.dockerjava.zerodep.shaded.org.apache.hc.client5.http.wire -- http-outgoing-0 << "Server: Docker/23.0.5 (linux)[\r][\n]"
11:42:33.113 [main] DEBUG com.github.dockerjava.zerodep.shaded.org.apache.hc.client5.http.wire -- http-outgoing-0 << "Transfer-Encoding: chunked[\r][\n]"
11:42:33.113 [main] DEBUG com.github.dockerjava.zerodep.shaded.org.apache.hc.client5.http.wire -- http-outgoing-0 << "[\r][\n]"
11:42:33.113 [main] DEBUG com.github.dockerjava.zerodep.shaded.org.apache.hc.client5.http.headers -- http-outgoing-0 << HTTP/1.1 200 OK
11:42:33.114 [main] DEBUG com.github.dockerjava.zerodep.shaded.org.apache.hc.client5.http.headers -- http-outgoing-0 << Api-Version: 1.42
11:42:33.114 [main] DEBUG com.github.dockerjava.zerodep.shaded.org.apache.hc.client5.http.headers -- http-outgoing-0 << Content-Type: application/json
11:42:33.114 [main] DEBUG com.github.dockerjava.zerodep.shaded.org.apache.hc.client5.http.headers -- http-outgoing-0 << Date: Fri, 02 Jun 2023 18:42:33 GMT
11:42:33.114 [main] DEBUG com.github.dockerjava.zerodep.shaded.org.apache.hc.client5.http.headers -- http-outgoing-0 << Docker-Experimental: false
11:42:33.114 [main] DEBUG com.github.dockerjava.zerodep.shaded.org.apache.hc.client5.http.headers -- http-outgoing-0 << Ostype: linux
11:42:33.114 [main] DEBUG com.github.dockerjava.zerodep.shaded.org.apache.hc.client5.http.headers -- http-outgoing-0 << Server: Docker/23.0.5 (linux)
11:42:33.114 [main] DEBUG com.github.dockerjava.zerodep.shaded.org.apache.hc.client5.http.headers -- http-outgoing-0 << Transfer-Encoding: chunked
11:42:33.114 [main] DEBUG com.github.dockerjava.zerodep.shaded.org.apache.hc.client5.http.impl.classic.MainClientExec -- ex-00000002: connection can be kept alive for 3 MINUTES
11:42:33.114 [main] DEBUG com.github.dockerjava.zerodep.shaded.org.apache.hc.client5.http.wire -- http-outgoing-0 << "34b[\r][\n]"
11:42:33.114 [main] DEBUG com.github.dockerjava.zerodep.shaded.org.apache.hc.client5.http.wire -- http-outgoing-0 << "{"Platform":{"Name":"Docker Desktop"},"Components":[{"Name":"Engine","Version":"23.0.5","Details":{"ApiVersion":"1.42","Arch":"amd64","BuildTime":"2023-04-26T16:17:45.000000000+00:00","Experimental":"false","GitCommit":"94d3ad6","GoVersion":"go1.19.8","KernelVersion":"5.15.90.1-microsoft-standard-WSL2","MinAPIVersion":"1.12","Os":"linux"}},{"Name":"containerd","Version":"1.6.20","Details":{"GitCommit":"2806fc1057397dbaeefbea0e4e17bddfbd388f38"}},{"Name":"runc","Version":"1.1.5","Details":{"GitCommit":"v1.1.5-0-gf19387a"}},{"Name":"docker-init","Version":"0.19.0","Details":{"GitCommit":"de40ad0"}}],"Version":"23.0.5","ApiVersion":"1.42","MinAPIVersion":"1.12","GitCommit":"94d3ad6","GoVersion":"go1.19.8","Os":"linux","Arch":"amd64","KernelVersion":"5.15.90.1-microsoft-standard-WSL2","BuildTime":"2023-04-26T16:17:45.000000000+00:00"}[\n]"
11:42:33.114 [main] DEBUG com.github.dockerjava.zerodep.shaded.org.apache.hc.client5.http.wire -- http-outgoing-0 << "[\r][\n]"
11:42:33.114 [main] DEBUG com.github.dockerjava.zerodep.shaded.org.apache.hc.client5.http.wire -- http-outgoing-0 << "0[\r][\n]"
11:42:33.114 [main] DEBUG com.github.dockerjava.zerodep.shaded.org.apache.hc.client5.http.wire -- http-outgoing-0 << "[\r][\n]"
11:42:33.120 [main] DEBUG com.github.dockerjava.zerodep.shaded.org.apache.hc.client5.http.impl.classic.InternalHttpClient -- ep-00000001: releasing valid endpoint
11:42:33.120 [main] DEBUG com.github.dockerjava.zerodep.shaded.org.apache.hc.client5.http.impl.io.PoolingHttpClientConnectionManager -- ep-00000001: releasing endpoint
11:42:33.120 [main] DEBUG com.github.dockerjava.zerodep.shaded.org.apache.hc.client5.http.impl.io.PoolingHttpClientConnectionManager -- ep-00000001: connection http-outgoing-0 can be kept alive for 3 MINUTES
11:42:33.120 [main] DEBUG com.github.dockerjava.zerodep.shaded.org.apache.hc.client5.http.impl.io.PoolingHttpClientConnectionManager -- ep-00000001: connection released [route: {}->unix://localhost:2375][total available: 1; route allocated: 1 of 2147483647; total allocated: 1 of 2147483647]
11:42:33.120 [main] DEBUG org.testcontainers.DockerClientFactory -- Docker version: {Components=[{Name=Engine, Version=23.0.5, Details={ApiVersion=1.42, Arch=amd64, BuildTime=2023-04-26T16:17:45.000000000+00:00, Experimental=false, GitCommit=94d3ad6, GoVersion=go1.19.8, KernelVersion=5.15.90.1-microsoft-standard-WSL2, MinAPIVersion=1.12, Os=linux}}, {Name=containerd, Version=1.6.20, Details={GitCommit=2806fc1057397dbaeefbea0e4e17bddfbd388f38}}, {Name=runc, Version=1.1.5, Details={GitCommit=v1.1.5-0-gf19387a}}, {Name=docker-init, Version=0.19.0, Details={GitCommit=de40ad0}}], KernelVersion=5.15.90.1-microsoft-standard-WSL2, ApiVersion=1.42, Platform={Name=Docker Desktop}, GitCommit=94d3ad6, Os=linux, Version=23.0.5, MinAPIVersion=1.12, Arch=amd64, GoVersion=go1.19.8, BuildTime=2023-04-26T16:17:45.000000000+00:00}
11:42:33.121 [main] INFO org.testcontainers.DockerClientFactory -- Connected to docker: 
  Server Version: 23.0.5
  API Version: 1.42
  Operating System: Docker Desktop
  Total Memory: 64225 MB
11:42:33.124 [main] DEBUG org.testcontainers.utility.RyukResourceReaper -- Ryuk is enabled
11:42:33.125 [main] DEBUG org.testcontainers.utility.PrefixingImageNameSubstitutor -- No prefix is configured
11:42:33.125 [main] DEBUG org.testcontainers.utility.ImageNameSubstitutor -- Did not find a substitute image for testcontainers/ryuk:0.4.0 (using image substitutor: DefaultImageNameSubstitutor (composite of 'ConfigurationFileImageNameSubstitutor' and 'PrefixingImageNameSubstitutor'))
11:42:33.126 [main] DEBUG org.testcontainers.shaded.com.github.dockerjava.core.command.AbstrDockerCmd -- Cmd: ListImagesCmdImpl[filters=org.testcontainers.shaded.com.github.dockerjava.core.util.FiltersBuilder@0,imageNameFilter=<null>,showAll=false]
11:42:33.128 [main] DEBUG com.github.dockerjava.zerodep.shaded.org.apache.hc.client5.http.impl.classic.InternalHttpClient -- ex-00000003: preparing request execution
11:42:33.128 [main] DEBUG com.github.dockerjava.zerodep.shaded.org.apache.hc.client5.http.protocol.RequestAddCookies -- Cookie spec selected: strict
11:42:33.128 [main] DEBUG com.github.dockerjava.zerodep.shaded.org.apache.hc.client5.http.protocol.RequestAuthCache -- Auth cache not set in the context
11:42:33.128 [main] DEBUG com.github.dockerjava.zerodep.shaded.org.apache.hc.client5.http.impl.classic.ProtocolExec -- ex-00000003: target auth state: UNCHALLENGED
11:42:33.128 [main] DEBUG com.github.dockerjava.zerodep.shaded.org.apache.hc.client5.http.impl.classic.ProtocolExec -- ex-00000003: proxy auth state: UNCHALLENGED
11:42:33.128 [main] DEBUG com.github.dockerjava.zerodep.shaded.org.apache.hc.client5.http.impl.classic.ConnectExec -- ex-00000003: acquiring connection with route {}->unix://localhost:2375
11:42:33.128 [main] DEBUG com.github.dockerjava.zerodep.shaded.org.apache.hc.client5.http.impl.classic.InternalHttpClient -- ex-00000003: acquiring endpoint (3 MINUTES)
11:42:33.128 [main] DEBUG com.github.dockerjava.zerodep.shaded.org.apache.hc.client5.http.impl.io.PoolingHttpClientConnectionManager -- ex-00000003: endpoint lease request (3 MINUTES) [route: {}->unix://localhost:2375][total available: 1; route allocated: 1 of 2147483647; total allocated: 1 of 2147483647]
11:42:33.128 [main] DEBUG com.github.dockerjava.zerodep.shaded.org.apache.hc.client5.http.impl.io.PoolingHttpClientConnectionManager -- ex-00000003: endpoint leased [route: {}->unix://localhost:2375][total available: 0; route allocated: 1 of 2147483647; total allocated: 1 of 2147483647]
11:42:33.128 [main] DEBUG com.github.dockerjava.zerodep.shaded.org.apache.hc.client5.http.impl.io.PoolingHttpClientConnectionManager -- ex-00000003: acquired ep-00000002
11:42:33.128 [main] DEBUG com.github.dockerjava.zerodep.shaded.org.apache.hc.client5.http.impl.classic.InternalHttpClient -- ex-00000003: acquired endpoint ep-00000002
11:42:33.128 [main] DEBUG com.github.dockerjava.zerodep.shaded.org.apache.hc.client5.http.impl.classic.MainClientExec -- ex-00000003: executing GET /v1.32/images/json HTTP/1.1
11:42:33.128 [main] DEBUG com.github.dockerjava.zerodep.shaded.org.apache.hc.client5.http.impl.classic.InternalHttpClient -- ep-00000002: start execution ex-00000003
11:42:33.128 [main] DEBUG com.github.dockerjava.zerodep.shaded.org.apache.hc.client5.http.impl.io.PoolingHttpClientConnectionManager -- ep-00000002: executing exchange ex-00000003 over http-outgoing-0
11:42:33.128 [main] DEBUG com.github.dockerjava.zerodep.shaded.org.apache.hc.client5.http.headers -- http-outgoing-0 >> GET /v1.32/images/json HTTP/1.1
11:42:33.128 [main] DEBUG com.github.dockerjava.zerodep.shaded.org.apache.hc.client5.http.headers -- http-outgoing-0 >> accept: application/json
11:42:33.128 [main] DEBUG com.github.dockerjava.zerodep.shaded.org.apache.hc.client5.http.headers -- http-outgoing-0 >> x-tc-sid: 6bf517ca-ce7d-427b-aa6b-16888a9bfaf7
11:42:33.128 [main] DEBUG com.github.dockerjava.zerodep.shaded.org.apache.hc.client5.http.headers -- http-outgoing-0 >> Accept-Encoding: gzip, x-gzip, deflate
11:42:33.128 [main] DEBUG com.github.dockerjava.zerodep.shaded.org.apache.hc.client5.http.headers -- http-outgoing-0 >> Host: localhost:2375
11:42:33.128 [main] DEBUG com.github.dockerjava.zerodep.shaded.org.apache.hc.client5.http.headers -- http-outgoing-0 >> Connection: keep-alive
11:42:33.128 [main] DEBUG com.github.dockerjava.zerodep.shaded.org.apache.hc.client5.http.headers -- http-outgoing-0 >> User-Agent: Apache-HttpClient/5.0.3 (Java/17.0.6)
11:42:33.128 [main] DEBUG com.github.dockerjava.zerodep.shaded.org.apache.hc.client5.http.wire -- http-outgoing-0 >> "GET /v1.32/images/json HTTP/1.1[\r][\n]"
11:42:33.128 [main] DEBUG com.github.dockerjava.zerodep.shaded.org.apache.hc.client5.http.wire -- http-outgoing-0 >> "accept: application/json[\r][\n]"
11:42:33.128 [main] DEBUG com.github.dockerjava.zerodep.shaded.org.apache.hc.client5.http.wire -- http-outgoing-0 >> "x-tc-sid: 6bf517ca-ce7d-427b-aa6b-16888a9bfaf7[\r][\n]"
11:42:33.128 [main] DEBUG com.github.dockerjava.zerodep.shaded.org.apache.hc.client5.http.wire -- http-outgoing-0 >> "Accept-Encoding: gzip, x-gzip, deflate[\r][\n]"
11:42:33.128 [main] DEBUG com.github.dockerjava.zerodep.shaded.org.apache.hc.client5.http.wire -- http-outgoing-0 >> "Host: localhost:2375[\r][\n]"
11:42:33.128 [main] DEBUG com.github.dockerjava.zerodep.shaded.org.apache.hc.client5.http.wire -- http-outgoing-0 >> "Connection: keep-alive[\r][\n]"
11:42:33.128 [main] DEBUG com.github.dockerjava.zerodep.shaded.org.apache.hc.client5.http.wire -- http-outgoing-0 >> "User-Agent: Apache-HttpClient/5.0.3 (Java/17.0.6)[\r][\n]"
11:42:33.128 [main] DEBUG com.github.dockerjava.zerodep.shaded.org.apache.hc.client5.http.wire -- http-outgoing-0 >> "[\r][\n]"
11:42:33.134 [main] DEBUG com.github.dockerjava.zerodep.shaded.org.apache.hc.client5.http.wire -- http-outgoing-0 << "HTTP/1.1 200 OK[\r][\n]"
11:42:33.134 [main] DEBUG com.github.dockerjava.zerodep.shaded.org.apache.hc.client5.http.wire -- http-outgoing-0 << "Api-Version: 1.42[\r][\n]"
11:42:33.134 [main] DEBUG com.github.dockerjava.zerodep.shaded.org.apache.hc.client5.http.wire -- http-outgoing-0 << "Content-Type: application/json[\r][\n]"
11:42:33.134 [main] DEBUG com.github.dockerjava.zerodep.shaded.org.apache.hc.client5.http.wire -- http-outgoing-0 << "Date: Fri, 02 Jun 2023 18:42:33 GMT[\r][\n]"
11:42:33.134 [main] DEBUG com.github.dockerjava.zerodep.shaded.org.apache.hc.client5.http.wire -- http-outgoing-0 << "Docker-Experimental: false[\r][\n]"
11:42:33.134 [main] DEBUG com.github.dockerjava.zerodep.shaded.org.apache.hc.client5.http.wire -- http-outgoing-0 << "Ostype: linux[\r][\n]"
11:42:33.134 [main] DEBUG com.github.dockerjava.zerodep.shaded.org.apache.hc.client5.http.wire -- http-outgoing-0 << "Server: Docker/23.0.5 (linux)[\r][\n]"
11:42:33.134 [main] DEBUG com.github.dockerjava.zerodep.shaded.org.apache.hc.client5.http.wire -- http-outgoing-0 << "Transfer-Encoding: chunked[\r][\n]"
11:42:33.134 [main] DEBUG com.github.dockerjava.zerodep.shaded.org.apache.hc.client5.http.wire -- http-outgoing-0 << "[\r][\n]"
11:42:33.135 [main] DEBUG com.github.dockerjava.zerodep.shaded.org.apache.hc.client5.http.headers -- http-outgoing-0 << HTTP/1.1 200 OK
11:42:33.135 [main] DEBUG com.github.dockerjava.zerodep.shaded.org.apache.hc.client5.http.headers -- http-outgoing-0 << Api-Version: 1.42
11:42:33.135 [main] DEBUG com.github.dockerjava.zerodep.shaded.org.apache.hc.client5.http.headers -- http-outgoing-0 << Content-Type: application/json
11:42:33.135 [main] DEBUG com.github.dockerjava.zerodep.shaded.org.apache.hc.client5.http.headers -- http-outgoing-0 << Date: Fri, 02 Jun 2023 18:42:33 GMT
11:42:33.135 [main] DEBUG com.github.dockerjava.zerodep.shaded.org.apache.hc.client5.http.headers -- http-outgoing-0 << Docker-Experimental: false
11:42:33.135 [main] DEBUG com.github.dockerjava.zerodep.shaded.org.apache.hc.client5.http.headers -- http-outgoing-0 << Ostype: linux
11:42:33.135 [main] DEBUG com.github.dockerjava.zerodep.shaded.org.apache.hc.client5.http.headers -- http-outgoing-0 << Server: Docker/23.0.5 (linux)
11:42:33.135 [main] DEBUG com.github.dockerjava.zerodep.shaded.org.apache.hc.client5.http.headers -- http-outgoing-0 << Transfer-Encoding: chunked
11:42:33.135 [main] DEBUG com.github.dockerjava.zerodep.shaded.org.apache.hc.client5.http.impl.classic.MainClientExec -- ex-00000003: connection can be kept alive for 3 MINUTES
11:42:33.136 [main] DEBUG com.github.dockerjava.zerodep.shaded.org.apache.hc.client5.http.wire -- http-outgoing-0 << "693b[\r][\n]"
11:42:33.136 [main] DEBUG com.github.dockerjava.zerodep.shaded.org.apache.hc.client5.http.wire -- http-outgoing-0 << "[{"Containers":-1,"Created":1684467514,"Id":"sha256:2fd0a178354d90b6805dbd04d3f08b442021543d7e835da025c919503acda1c7","Labels":{"base.docker-init.version":"3db8e8b","base.version":"961bd95","com.azure.dev.image.build.sourceversion":"961bd950be5528e0f8026876a3e4b0d64efc399d","com.azure.dev.image.system.teamfoundationcollectionuri":"yammer","com.docker.compose.project":"docker","com.docker.compose.service":"veritas","com.docker.compose.version":"2.17.3","com.visualstudio.yammer.image.system.teamfoundationcollectionuri":"yammer"},"ParentId":"","RepoDigests":null,"RepoTags":["docker-veritas:latest"],"SharedSize":-1,"Size":362800838,"VirtualSize":362800838},{"Containers":-1,"Created":1684467429,"Id":"sha256:32aea1526a7c4eaa2f9662f07353d91503dc17027966e2c7605145e1991dae38","Labels":{"base.docker-init.version":"3db8e8b","base.version":"961bd95","com.azure.dev.image.build.sourceversion":"961bd950be5528e0f8026876a3e4b0d64efc399d","com.azure.dev.image.system.teamfoundationcollectionuri":"yammer","com.docker.compose.project":"docker","com.docker.compose.service":"veritas","com.docker.compose.version":"2.17.3","com.visualstudio.yammer.image.system.teamfoundationcollectionuri":"yammer"},"ParentId":"","RepoDigests":["<none>@<none>"],"RepoTags":["<none>:<none>"],"SharedSize":-1,"Size":362801011,"VirtualSize":362801011},{"Containers":-1,"Created":1684467156,"Id":"sha256:03cfa11a80cdd50c5a818849929df6c732c4b5a3ac0aaf75655b5f11879e2346","Labels":{"base.docker-init.version":"3db8e8b","base.version":"961bd95","com.azure.dev.image.build.sourceversion":"961bd950be5528e0f8026876a3e4b0d64efc399d","com.azure.dev.image.system.teamfoundationcollectionuri":"yammer","com.docker.compose.project":"docker","com.docker.compose.service":"veritas","com.docker.compose.version":"2.17.3","com.visualstudio.yammer.image.system.teamfoundationcollectionuri":"yammer"},"ParentId":"","RepoDigests":["<none>@<none>"],"RepoTags":["<none>:<none>"],"SharedSize":-1,"Size":362801011,"VirtualSize":362801011},{"Containers":-1,"Created":1684466193,"Id":"sha256:cf562a6ad7c2c2bbed74839ea16b22e2e5cb5cc144a94815f722d75b01fab4c3","Labels":{"base.docker-init.version":"3db8e8b","base.version":"961bd95","com.azure.dev.image.build.sourceversion":"961bd950be5528e0f8026876a3e4b0d64efc399d","com.azure.dev.image.system.teamfoundationcollectionuri":"yammer","com.docker.compose.project":"docker","com.docker.compose.service":"veritas","com.docker.compose.version":"2.17.3","com.visualstudio.yammer.image.system.teamfoundationcollectionuri":"yammer"},"ParentId":"","RepoDigests":["<none>@<none>"],"RepoTags":["<none>:<none>"],"SharedSize":-1,"Size":362801677,"VirtualSize":362801677},{"Containers":-1,"Created":1684465905,"Id":"sha256:46d3b5b78a52e9e0b67e587dbc4d0878ad8bb2d49a327fbbd739ee56ec2695f7","Labels":{"base.docker-init.version":"3db8e8b","base.version":"961bd95","com.azure.dev.image.build.sourceversion":"961bd950be5528e0f8026876a3e4b0d64efc399d","com.azure.dev.image.system.teamfoundationcollectionuri":"yammer","com.docker.compose.project":"docker","com.docker.compose.service":"veritas","com.docker.compose.version":"2.17.3","com.visualstudio.yammer.image.system.teamfoundationcollectionuri":"yammer"},"ParentId":"","RepoDigests":["<none>@<none>"],"RepoTags":["<none>:<none>"],"SharedSize":-1,"Size":362801630,"VirtualSize":362801630},{"Containers":-1,"Created":1684465504,"Id":"sha256:8e04914251d2a1f4478f1ebe26c97789f3696a312569699b0558691fbe980b91","Labels":{"base.docker-init.version":"3db8e8b","base.version":"961bd95","com.azure.dev.image.build.sourceversion":"961bd950be5528e0f8026876a3e4b0d64efc399d","com.azure.dev.image.system.teamfoundationcollectionuri":"yammer","com.docker.compose.project":"docker","com.docker.compose.service":"veritas","com.docker.compose.version":"2.17.3","com.visualstudio.yammer.image.system.teamfoundationcollectionuri":"yammer"},"ParentId":"","RepoDigests":["<none>@<none>"],"RepoTags":["<none>:<none>"],"SharedSize":-1,"Size":362801973,"VirtualSize":362801973},{"Containers":-1,"Created":1684464984,"Id":"sha256:baa9a7c096394f20881f39e5be4c6e1a8acaa07b5de84c0cec27049b493a3727","Labels":{"base.docker-init.version":"3db8e8b","base.version":"961bd95","com.azure.dev.image.build.sourceversion":"961bd950be5528e0f8026876a3e4b0d64efc399d","com.azure.dev.image.system.teamfoundationcollectionuri":"yammer","com.docker.compose.project":"docker","com.docker.compose.service":"veritas","com.docker.compose.version":"2.17.3","com.visualstudio.yammer.image.system.teamfoundationcollectionuri":"yammer"},"ParentId":"","RepoDigests":["<none>@<none>"],"RepoTags":["<none>:<none>"],"SharedSize":-1,"Size":362801969,"VirtualSize":362801969},{"Containers":-1,"Created":1684464433,"Id":"sha256:3e0ca11b0b03979d04cf8ff36fcfa25356f753c7a4bf31ca65fc7725956392bc","Labels":{"base.docker-init.version":"3db8e8b","base.version":"961bd95","com.azure.dev.image.build.sourceversion":"961bd950be5528e0f8026876a3e4b0d64efc399d","com.azure.dev.image.system.teamfoundationcollectionuri":"yammer","com.docker.compose.project":"docker","com.docker.compose.service":"veritas","com.docker.compose.version":"2.17.3","com.visualstudio.yammer.image.system.teamfoundationcollectionuri":"yammer"},"ParentId":"","RepoDigests":["<none>@<none>"],"RepoTags":["<none>:<none>"],"SharedSize":-1,"Size":362801969,"VirtualSize":362801969},{"Containers":-1,"Created":1684464332,"Id":"sha256:551bb6a582ba0205e65e32dbf5c15e3e162ba2060627a9ec8dcec4445d04ba08","Labels":{"base.docker-init.version":"3db8e8b","base.version":"961bd95","com.azure.dev.image.build.sourceversion":"961bd950be5528e0f8026876a3e4b0d64efc399d","com.azure.dev.image.system.teamfoundationcollectionuri":"yammer","com.docker.compose.project":"docker","com.docker.compose.service":"veritas","com.docker.compose.version":"2.17.3","com.visualstudio.yammer.image.system.teamfoundationcollectionuri":"yammer"},"ParentId":"","RepoDigests":["<none>@<none>"],"RepoTags":["<none>:<none>"],"SharedSize":-1,"Size":362801971,"VirtualSize":362801971},{"Containers":-1,"Created":1684463569,"Id":"sha256:d1ccb0925900af87fbb1f985aa18b680fbf012e7b01ef9974e46b47dd2a68496","Labels":{"base.docker-init.version":"3db8e8b","base.version":"961bd95","com.azure.dev.image.build.sourceversion":"961bd950be5528e0f8026876a3e4b0d64efc399d","com.azure.dev.image.system.teamfoundationcollectionuri":"yammer","com.docker.compose.project":"docker","com.docker.compose.service":"veritas","com.docker.compose.version":"2.17.3","com.visualstudio.yammer.image.system.teamfoundationcollectionuri":"yammer"},"ParentId":"","RepoDigests":["<none>@<none>"],"RepoTags":["<none>:<none>"],"SharedSize":-1,"Size":362801831,"VirtualSize":362801831},{"Containers":-1,"Created":1684458481,"Id":"sha256:f250cb96b7d9b77f9bc06facb56d7c0709f631484bcf9fbc56feea924f7079b9","Labels":{"base.docker-init.version":"3db8e8b","base.version":"961bd95","com.azure.dev.image.build.sourceversion":"961bd950be5528e0f8026876a3e4b0d64efc399d","com.azure.dev.image.system.teamfoundationcollectionuri":"yammer","com.docker.compose.project":"docker","com.docker.compose.service":"veritas","com.docker.compose.version":"2.17.3","com.visualstudio.yammer.image.system.teamfoundationcollectionuri":"yammer"},"ParentId":"","RepoDigests":["<none>@<none>"],"RepoTags":["<none>:<none>"],"SharedSize":-1,"Size":362790398,"VirtualSize":362790398},{"Containers":-1,"Created":1684458384,"Id":"sha256:fde3a87080e6815b8c13428f3fe2efb1f4004d16dd15011e4bd0d83d680513f9","Labels":{"base.docker-init.version":"3db8e8b","base.version":"961bd95","com.azure.dev.image.build.sourceversion":"961bd950be5528e0f8026876a3e4b0d64efc399d","com.azure.dev.image.system.teamfoundationcollectionuri":"yammer","com.docker.compose.project":"docker","com.docker.compose.service":"veritas","com.docker.compose.version":"2.17.3","com.visualstudio.yammer.image.system.teamfoundationcollectionuri":"yammer"},"ParentId":"","RepoDigests":["<none>@<none>"],"RepoTags":["<none>:<none>"],"SharedSize":-1,"Size":362790527,"VirtualSize":362790527},{"Containers":-1,"Created":1684458234,"Id":"sha256:0ada739234cdee1035c2da60e8523650bba6e92577de33dcd6ab46bba17678d7","Labels":{"base.docker-init.version":"3db8e8b","base.version":"961bd95","com.azure.dev.image."
11:42:33.141 [main] DEBUG com.github.dockerjava.zerodep.shaded.org.apache.hc.client5.http.wire -- http-outgoing-0 << "build.sourceversion":"961bd950be5528e0f8026876a3e4b0d64efc399d","com.azure.dev.image.system.teamfoundationcollectionuri":"yammer","com.docker.compose.project":"docker","com.docker.compose.service":"veritas","com.docker.compose.version":"2.17.3","com.visualstudio.yammer.image.system.teamfoundationcollectionuri":"yammer"},"ParentId":"","RepoDigests":["<none>@<none>"],"RepoTags":["<none>:<none>"],"SharedSize":-1,"Size":362790686,"VirtualSize":362790686},{"Containers":-1,"Created":1684448359,"Id":"sha256:c98a814c89c81485b848541ea1335cfceed8abc2dae8b279dc6aa6f228f1225b","Labels":{"base.docker-init.version":"3db8e8b","base.version":"961bd95","com.azure.dev.image.build.sourceversion":"961bd950be5528e0f8026876a3e4b0d64efc399d","com.azure.dev.image.system.teamfoundationcollectionuri":"yammer","com.docker.compose.project":"docker","com.docker.compose.service":"veritas","com.docker.compose.version":"2.17.3","com.visualstudio.yammer.image.system.teamfoundationcollectionuri":"yammer"},"ParentId":"","RepoDigests":["<none>@<none>"],"RepoTags":["<none>:<none>"],"SharedSize":-1,"Size":362792526,"VirtualSize":362792526},{"Containers":-1,"Created":1683843417,"Id":"sha256:f14b0d96cff9b741fffa6466729647563495876ef256dc7509a75cd2840acb2d","Labels":null,"ParentId":"","RepoDigests":["postgres@sha256:8d45935fb783e72c871072e9eb72ee8c817a9eaf25c405b0e62526b14191368d"],"RepoTags":["postgres:latest"],"SharedSize":-1,"Size":379110285,"VirtualSize":379110285},{"Containers":-1,"Created":1683755627,"Id":"sha256:9913e0658e304230008c799a01a4b4acd7789664c9061d498dec26224ee0fdb9","Labels":{"base.docker-init.version":"ff3712b","base.version":"675b7f1","com.azure.dev.image.build.sourceversion":"675b7f12e46f75fb059addad60f0691771e5f4dc","com.azure.dev.image.system.teamfoundationcollectionuri":"yammer","com.visualstudio.yammer.image.system.teamfoundationcollectionuri":"yammer"},"ParentId":"","RepoDigests":null,"RepoTags":["workfeed:dev"],"SharedSize":-1,"Size":1364389285,"VirtualSize":1364389285},{"Containers":-1,"Created":1683678690,"Id":"sha256:2c9376f6b58fa4ca222848217df45c3a6f9f3074fa822c94ccad2abd46377f98","Labels":{"devcontainer.metadata":"{\"customizations\":{\"vscode\":{\"extensions\":[\"augustocdias.tasks-shell-input\",\"vscjava.vscode-java-pack\",\"redhat.vscode-xml\",\"shengchen.vscode-checkstyle\",\"gabrielbb.vscode-lombok\"],\"settings\":{\"remote.containers.workspaceMountConsistency\":\"delegated\",\"files.eol\":\"\\n\"}}},\"mounts\":[\"source=yamdevcontainers_home,target=/home/vscode,type=volume\",\"source=/var/run/docker.sock,target=/var/run/docker.sock,type=bind\"],\"containerEnv\":{\"HOST_USER\":\"${env:USERNAME}${env:USER}\",\"AZURE_CONFIG_DIR\":\"/home/${env:USERNAME}${env:USER}/.azure\",\"HOST_TYPE\":\"vscode\",\"IN_DEVCONTAINER\":\"true\"},\"overrideCommand\":false}"},"ParentId":"","RepoDigests":null,"RepoTags":["vsc-veritas-c163486ede301050b7c6991d89c86fd78d6d687dd13f7c9339e9b2292ca53295:latest"],"SharedSize":-1,"Size":2753497097,"VirtualSize":2753497097},{"Containers":-1,"Created":1683678690,"Id":"sha256:8b440cc8753bcec71d190ed39d4884f53e716a0149a6c0aa8f27d00b782597d4","Labels":null,"ParentId":"","RepoDigests":["yammershared.azurecr.io/yamdevcontainer-java-11@sha256:b88351dd8e43afda88c98541f4d8573a18f87154ea7b8749958e90e219ff7f63"],"RepoTags":["yammershared.azurecr.io/yamdevcontainer-java-11:latest"],"SharedSize":-1,"Size":2753497097,"VirtualSize":2753497097},{"Containers":-1,"Created":1683148970,"Id":"sha256:d271f7ea55ae2d3cdd96830f342c609132d35cdd71af4f4e0a334f9e20a9c861","Labels":null,"ParentId":"","RepoDigests":["mcr.microsoft.com/mirror/docker/library/memcached@sha256:0240e9bf2be40d1c8ed545de9fc3e40acda0655252261793c2c1e7e353301e3a"],"RepoTags":["mcr.microsoft.com/mirror/docker/library/memcached:1.6"],"SharedSize":-1,"Size":89281107,"VirtualSize":89281107},{"Containers":-1,"Created":1683136309,"Id":"sha256:838ca04228d163f46d2de4af07307b51c4629971b0efb1bc4bc437a26ca46ca7","Labels":{"base.docker-init.version":"1932d62","base.version":"5e72042","com.visualstudio.yammer.image.build.sourceversion":"5e72042bd7a794f66a9dd4e86e942ac5267ce17a","com.visualstudio.yammer.image.system.teamfoundationcollectionuri":"https://yammer.visualstudio.com/"},"ParentId":"","RepoDigests":["yamlab.azurecr.io/mugshot/c1englab57@sha256:176aabcb8a2d74f7d3823232295ddbb7f862134adf610a048230876a501f93a6"],"RepoTags":["yamlab.azurecr.io/mugshot/c1englab57:20230503105148"],"SharedSize":-1,"Size":283413258,"VirtualSize":283413258},{"Containers":-1,"Created":1683135519,"Id":"sha256:9fb0cd85842b435db3551a5d1c9ee330ac391d6d6c12563f82d37fd8c8f8fc1e","Labels":{"base.docker-init.version":"1932d62","base.version":"5e72042","com.visualstudio.yammer.image.build.sourceversion":"5e72042bd7a794f66a9dd4e86e942ac5267ce17a","com.visualstudio.yammer.image.system.teamfoundationcollectionuri":"https://yammer.visualstudio.com/"},"ParentId":"","RepoDigests":["yamlab.azurecr.io/mugshot/c1englab57@sha256:38fab67a281479da06f3e88b53fe852cd13a251246fa9b7a0343a6ddaf9f9866"],"RepoTags":["yamlab.azurecr.io/mugshot/c1englab57:20230503103838"],"SharedSize":-1,"Size":283413219,"VirtualSize":283413219},{"Containers":-1,"Created":1683132975,"Id":"sha256:75f075c24fb3316349c4f1596e039a762e8903b7bb5c4d7b57de0d643269693c","Labels":{"base.docker-init.version":"1932d62","base.version":"5e72042","com.visualstudio.yammer.image.build.sourceversion":"5e72042bd7a794f66a9dd4e86e942ac5267ce17a","com.visualstudio.yammer.image.system.teamfoundationcollectionuri":"https://yammer.visualstudio.com/"},"ParentId":"","RepoDigests":["yamlab.azurecr.io/mugshot/c1englab57@sha256:0812814d133c8b12522aeb2d333dc28fffe7b236a50417083f04e0e288bea76f"],"RepoTags":["yamlab.azurecr.io/mugshot/c1englab57:20230503095614"],"SharedSize":-1,"Size":283413270,"VirtualSize":283413270},{"Containers":-1,"Created":1683112274,"Id":"sha256:801c1e62dd0f8cb39fb0424e2e774de522befd4e73b5bbf7693d287970c63abe","Labels":null,"ParentId":"","RepoDigests":["mcr.microsoft.com/mirror/docker/library/postgres@sha256:cc7a021d9aff3aa02788d35c27a5cc32d4790ad92d72232a6be75b76ab7d79db"],"RepoTags":["mcr.microsoft.com/mirror/docker/library/postgres:12"],"SharedSize":-1,"Size":373070263,"VirtualSize":373070263},{"Containers":-1,"Created":1682975865,"Id":"sha256:1d546f251218f6dff59021bb81250bb1bf8db01b07e9299f8a49db5e6b5594cb","Labels":{"base.docker-init.version":"3db8e8b","base.version":"961bd95","com.azure.dev.image.build.sourceversion":"961bd950be5528e0f8026876a3e4b0d64efc399d","com.azure.dev.image.system.teamfoundationcollectionuri":"yammer","com.visualstudio.yammer.image.system.teamfoundationcollectionuri":"yammer"},"ParentId":"","RepoDigests":["yamlab.azurecr.io/tokie/c1englab57@sha256:3bfb8d29d3d5218a9c1a823b0a6a06a78daf751052ff15a744fd765b96088dfb"],"RepoTags":["yamlab.azurecr.io/tokie/c1englab57:20230501141744"],"SharedSize":-1,"Size":384829550,"VirtualSize":384829550},{"Containers":-1,"Created":1682974817,"Id":"sha256:a62cb60d0ff8b3ac27c59d623c52f23d017895411b467bceb5701d7f1c3b9e5b","Labels":{"base.docker-init.version":"3db8e8b","base.version":"961bd95","com.azure.dev.image.build.sourceversion":"961bd950be5528e0f8026876a3e4b0d64efc399d","com.azure.dev.image.system.teamfoundationcollectionuri":"yammer","com.visualstudio.yammer.image.system.teamfoundationcollectionuri":"yammer"},"ParentId":"","RepoDigests":["yamlab.azurecr.io/tokie/c1englab57@sha256:4417f166430fbc803dc42433f9db079256e83a47d823893b8f655c991c25e36c"],"RepoTags":["yamlab.azurecr.io/tokie/c1englab57:20230501140015"],"SharedSize":-1,"Size":384829494,"VirtualSize":384829494},{"Containers":-1,"Created":1682973053,"Id":"sha256:fa99d07545aed8e4decdfe4392edcf926cbcd7188d46f00d72a1f3acdbd027bd","Labels":{"base.docker-init.version":"1932d62","base.version":"5e72042","com.visualstudio.yammer.image.build.sourceversion":"5e72042bd7a794f66a9dd4e86e942ac5267ce17a","com.visualstudio.yammer.image.system.teamfoundationcollectionuri":"https://yammer.visualstudio.com/"},"ParentId":"","RepoDigests":["yamlab.azurecr.io/mugshot/c1englab57@sha25"
11:42:33.144 [main] DEBUG com.github.dockerjava.zerodep.shaded.org.apache.hc.client5.http.wire -- http-outgoing-0 << "6:80335eddc64f91d450c001d865e38e9314bd7134876d7987c53758e86f5dfb1c"],"RepoTags":["yamlab.azurecr.io/mugshot/c1englab57:20230501133000"],"SharedSize":-1,"Size":283412414,"VirtualSize":283412414},{"Containers":-1,"Created":1682972991,"Id":"sha256:5968863a5a51e8044014926d9998fcfbe2509ec172da670e4663a555bdf559aa","Labels":{"base.docker-init.version":"3db8e8b","base.version":"961bd95","com.azure.dev.image.build.sourceversion":"961bd950be5528e0f8026876a3e4b0d64efc399d","com.azure.dev.image.system.teamfoundationcollectionuri":"yammer","com.visualstudio.yammer.image.system.teamfoundationcollectionuri":"yammer"},"ParentId":"","RepoDigests":["yamlab.azurecr.io/tokie/c1englab57@sha256:812aab13ae71e7e88e02eb24a5f9c5027e6366082b250ccf8835fe57e6b8b4ed"],"RepoTags":["yamlab.azurecr.io/tokie/c1englab57:20230501132939"],"SharedSize":-1,"Size":384829575,"VirtualSize":384829575},{"Containers":-1,"Created":1682972972,"Id":"sha256:535a50861a6cd91d2a07bc7d3823be5bb4ee8ec8946454e177e6c7b221edbbd6","Labels":{"base.docker-init.version":"ff3712b","base.version":"675b7f1","com.azure.dev.image.build.sourceversion":"675b7f12e46f75fb059addad60f0691771e5f4dc","com.azure.dev.image.system.teamfoundationcollectionuri":"yammer","com.visualstudio.yammer.image.system.teamfoundationcollectionuri":"yammer"},"ParentId":"","RepoDigests":["yamlab.azurecr.io/grouper/c1englab57@sha256:b09b4f73111c765e40b9922fc761b638d0ff28787142754e2fa989af7b9f7d50"],"RepoTags":["yamlab.azurecr.io/grouper/c1englab57:20230501132930"],"SharedSize":-1,"Size":367659641,"VirtualSize":367659641},{"Containers":-1,"Created":1682968032,"Id":"sha256:39fbab617aa8954357f385e071bf3cbc797521278631195bebde1dc80737aced","Labels":{"base.docker-init.version":"ff3712b","base.version":"675b7f1","com.azure.dev.image.build.sourceversion":"675b7f12e46f75fb059addad60f0691771e5f4dc","com.azure.dev.image.system.teamfoundationcollectionuri":"yammer","com.visualstudio.yammer.image.system.teamfoundationcollectionuri":"yammer"},"ParentId":"","RepoDigests":["yamlab.azurecr.io/grouper/c1englab57@sha256:9ddb62e59107695a908c90d58f05ab0a60683e70351cfa8b46b664b510647df1"],"RepoTags":["yamlab.azurecr.io/grouper/c1englab57:20230501120657"],"SharedSize":-1,"Size":367660226,"VirtualSize":367660226},{"Containers":-1,"Created":1682966070,"Id":"sha256:bcda23be2f19f28212b67d9803915230a99265284766914ddb0ac5fce387ba18","Labels":{"base.docker-init.version":"ff3712b","base.version":"675b7f1","com.azure.dev.image.build.sourceversion":"675b7f12e46f75fb059addad60f0691771e5f4dc","com.azure.dev.image.system.teamfoundationcollectionuri":"yammer","com.visualstudio.yammer.image.system.teamfoundationcollectionuri":"yammer"},"ParentId":"","RepoDigests":["yamlab.azurecr.io/grouper/c1englab57@sha256:b5438e4b227123dd01f7c537558b53ccea7fccf5f6110efc86b2e34dcf1c0594"],"RepoTags":["yamlab.azurecr.io/grouper/c1englab57:20230501113425"],"SharedSize":-1,"Size":367660082,"VirtualSize":367660082},{"Containers":-1,"Created":1682965548,"Id":"sha256:179bddb59595d1d5bf50194f50848e44d565a57e1d1ba3b3c49b16000c5e4a62","Labels":{"base.docker-init.version":"ff3712b","base.version":"675b7f1","com.azure.dev.image.build.sourceversion":"675b7f12e46f75fb059addad60f0691771e5f4dc","com.azure.dev.image.system.teamfoundationcollectionuri":"yammer","com.visualstudio.yammer.image.system.teamfoundationcollectionuri":"yammer"},"ParentId":"","RepoDigests":["yamlab.azurecr.io/grouper/c1englab57@sha256:255f4e941c871e6da8d516f303a5f7dde5f4fdc4cbfa8f2d86693b593447b000"],"RepoTags":["yamlab.azurecr.io/grouper/c1englab57:20230501112538"],"SharedSize":-1,"Size":367659694,"VirtualSize":367659694},{"Containers":-1,"Created":1682964332,"Id":"sha256:da2890fa986db9f7967c92b415982db48f27db796f50a9f8f054565bcdc57e14","Labels":{"base.docker-init.version":"ff3712b","base.version":"675b7f1","com.azure.dev.image.build.sourceversion":"675b7f12e46f75fb059addad60f0691771e5f4dc","com.azure.dev.image.system.teamfoundationcollectionuri":"yammer","com.visualstudio.yammer.image.system.teamfoundationcollectionuri":"yammer"},"ParentId":"","RepoDigests":["yamlab.azurecr.io/grouper/c1englab57@sha256:3685b6d877f5c4c5ab2426b3ee2baa5dfe674babedbba20e296e8f8d9f1bcead"],"RepoTags":["yamlab.azurecr.io/grouper/c1englab57:20230501110514"],"SharedSize":-1,"Size":367659697,"VirtualSize":367659697},{"Containers":-1,"Created":1682963289,"Id":"sha256:f243ea716f1739baa7f5d8b3850cdb6958fff0581042975bd31e36fd761991cb","Labels":{"base.docker-init.version":"ff3712b","base.version":"675b7f1","com.azure.dev.image.build.sourceversion":"675b7f12e46f75fb059addad60f0691771e5f4dc","com.azure.dev.image.system.teamfoundationcollectionuri":"yammer","com.visualstudio.yammer.image.system.teamfoundationcollectionuri":"yammer"},"ParentId":"","RepoDigests":["yamlab.azurecr.io/grouper/c1englab57@sha256:574625800433d0817efe98fb01756352c0888d4c0a198415ce3fdad211855adf"],"RepoTags":["yamlab.azurecr.io/grouper/c1englab57:20230501104744"],"SharedSize":-1,"Size":367659718,"VirtualSize":367659718},{"Containers":-1,"Created":1682956094,"Id":"sha256:c08d967e5f6b9ea67800dab9e1aacfab5a70861faf4b548c746ccc6730f7d89d","Labels":{"base.docker-init.version":"ff3712b","base.version":"675b7f1","com.azure.dev.image.build.sourceversion":"675b7f12e46f75fb059addad60f0691771e5f4dc","com.azure.dev.image.system.teamfoundationcollectionuri":"yammer","com.visualstudio.yammer.image.system.teamfoundationcollectionuri":"yammer"},"ParentId":"","RepoDigests":["yamlab.azurecr.io/grouper/c1englab57@sha256:c8f59af55e7ccb761de6b90cb0b24ae8abc4f40f7d45c7ec5b59b03f9f43ac3b"],"RepoTags":["yamlab.azurecr.io/grouper/c1englab57:20230501084805"],"SharedSize":-1,"Size":367659769,"VirtualSize":367659769},{"Containers":-1,"Created":1682913808,"Id":"sha256:0ff53993046d0bb8e6d469f277ad2eeeaec374f12cfe18b6b494fcc3caf9c9f4","Labels":{"base.docker-init.version":"ff3712b","base.version":"675b7f1","com.azure.dev.image.build.sourceversion":"675b7f12e46f75fb059addad60f0691771e5f4dc","com.azure.dev.image.system.teamfoundationcollectionuri":"yammer","com.visualstudio.yammer.image.system.teamfoundationcollectionuri":"yammer"},"ParentId":"","RepoDigests":["yamlab.azurecr.io/grouper/c1englab57@sha256:fb558aec4cf8745ef7c9621274a6e0d305bafbcf075d0d52549e95907260e39a"],"RepoTags":["yamlab.azurecr.io/grouper/c1englab57:20230430210326"],"SharedSize":-1,"Size":367659934,"VirtualSize":367659934},{"Containers":-1,"Created":1682912697,"Id":"sha256:dc0fa4e7becf0b66cb3dba6c11a178923ebcd4851f366da36c96a242cc7b3627","Labels":{"base.docker-init.version":"ff3712b","base.version":"675b7f1","com.azure.dev.image.build.sourceversion":"675b7f12e46f75fb059addad60f0691771e5f4dc","com.azure.dev.image.system.teamfoundationcollectionuri":"yammer","com.visualstudio.yammer.image.system.teamfoundationcollectionuri":"yammer"},"ParentId":"","RepoDigests":["yamlab.azurecr.io/grouper/c1englab57@sha256:743ae0c721b0939ab19ad790ad15af8f84719281763383561c03c3b470776fdf"],"RepoTags":["yamlab.azurecr.io/grouper/c1englab57:20230430204455"],"SharedSize":-1,"Size":367659869,"VirtualSize":367659869},{"Containers":-1,"Created":1682912171,"Id":"sha256:ac9c6044bbc86bdfd03cf30ea9c158daac0c72c5b4b5e42b82f993ee076ec534","Labels":{"base.docker-init.version":"ff3712b","base.version":"675b7f1","com.azure.dev.image.build.sourceversion":"675b7f12e46f75fb059addad60f0691771e5f4dc","com.azure.dev.image.system.teamfoundationcollectionuri":"yammer","com.visualstudio.yammer.image.system.teamfoundationcollectionuri":"yammer"},"ParentId":"","RepoDigests":["yamlab.azurecr.io/grouper/c1englab71@sha256:fc367ae912df7e2754c4608a8af447c8ba1d1b761154fa295fc6b161ba20dfc4"],"RepoTags":["yamlab.azurecr.io/grouper/c1englab71:20230430203609"],"SharedSize":-1,"Size":364953541,"VirtualSize":364953541},{"Containers":-1,"Created":1682910402,"Id":"sha256:95f560c2a8e0e50b392a0dd0354b37a947c8cf15750d917bd42d867fd1632f06","Labels":{"base.docker-init.version":"ff3712b","base.version":"675b7f1","com.azure.dev.image.build.sourceversion":"675b7f12e46f75fb059addad60f0691771e5f4dc","com.azure.dev.image.sy"
11:42:33.145 [main] DEBUG com.github.dockerjava.zerodep.shaded.org.apache.hc.client5.http.wire -- http-outgoing-0 << "stem.teamfoundationcollectionuri":"yammer","com.visualstudio.yammer.image.system.teamfoundationcollectionuri":"yammer"},"ParentId":"","RepoDigests":["yamlab.azurecr.io/grouper/c1englab57@sha256:1847c0cfbe5cf6b4552846001d368fc8c88ae431624191dfa50e90cbdd0d58bb"],"RepoTags":["yamlab.azurecr.io/grouper/c1englab57:20230430200617","yamlab.azurecr.io/grouper/c1englab57:20230430202316"],"SharedSize":-1,"Size":364953541,"VirtualSize":364953541},{"Containers":-1,"Created":1678438354,"Id":"sha256:2e306eb8aa06255c4f736b2bcf446760cae7cf9e947651ba8272f34c3e94ffa7","Labels":{"org.testcontainers.ryuk":"true"},"ParentId":"","RepoDigests":["testcontainers/ryuk@sha256:b874cc015594f275ad3ffb6a135c015c52ce04a2eba377c963abe25a84628167"],"RepoTags":["testcontainers/ryuk:0.4.0"],"SharedSize":-1,"Size":12686755,"VirtualSize":12686755},{"Containers":-1,"Created":1662811774,"Id":"sha256:6f6b587bf3f46bcc71f0cd440d8083b80b88a630dc81db55a69f14a80910c086","Labels":{"org.opencontainers.image.created":"2022-09-10T12:09:30Z","org.opencontainers.image.description":"toxiproxy","org.opencontainers.image.licenses":"MIT","org.opencontainers.image.revision":"30ea6dd47f0e853dd4bdd490b003b939aaa3ed9c","org.opencontainers.image.source":"https://github.com/Shopify/toxiproxy","org.opencontainers.image.title":"toxiproxy","org.opencontainers.image.url":"https://github.com/Shopify/toxiproxy","org.opencontainers.image.version":"2.5.0"},"ParentId":"","RepoDigests":["yammershared.azurecr.io/shopify/toxiproxy@sha256:927c797a2115a193ae3a527e5a36782b938419904ac6706ca0efa029ebea58cb"],"RepoTags":["yammershared.azurecr.io/shopify/toxiproxy:2.5.0"],"SharedSize":-1,"Size":17838080,"VirtualSize":17838080},{"Containers":-1,"Created":1608725981,"Id":"sha256:ee7515743e6fb92fd9ae2e9b8a4ad4516ed19507079788849c33025b3bfdb7a5","Labels":null,"ParentId":"","RepoDigests":["testcontainers/ryuk@sha256:58345bdf4fd056f7c5b772319c444d6a8dbbbad112d60b9e8023637cda6a6e30"],"RepoTags":["testcontainers/ryuk:0.3.1"],"SharedSize":-1,"Size":11951601,"VirtualSize":11951601},{"Containers":-1,"Created":1531270586,"Id":"sha256:e0977532f922bc4c6a71b75bb5e8b82890a96a4afdb1a1377df641acdcf16c63","Labels":null,"ParentId":"","RepoDigests":["postgres@sha256:b8c86a81ee24b9e433a97109ab570c6f7ceed2c4a34aca4cb20ead344adc7a0c"],"RepoTags":["postgres:9.6.9-alpine"],"SharedSize":-1,"Size":39883551,"VirtualSize":39883551},{"Containers":-1,"Created":1473800015,"Id":"sha256:0e11e86800df9de40d87aecdff75123f6d303e2a4667ca4f735663f88f8e2097","Labels":{},"ParentId":"","RepoDigests":["yammershared.azurecr.io/pshaw/feedie@sha256:41ab006786791b36d7350ad9653b56e7ff49ee7631202b44b588b87a1f62e618"],"RepoTags":["yammershared.azurecr.io/pshaw/feedie:latest"],"SharedSize":-1,"Size":626553274,"VirtualSize":626553274}][\n]"
11:42:33.146 [main] DEBUG com.github.dockerjava.zerodep.shaded.org.apache.hc.client5.http.wire -- http-outgoing-0 << "[\r][\n]"
11:42:33.146 [main] DEBUG com.github.dockerjava.zerodep.shaded.org.apache.hc.client5.http.wire -- http-outgoing-0 << "0[\r][\n]"
11:42:33.146 [main] DEBUG com.github.dockerjava.zerodep.shaded.org.apache.hc.client5.http.wire -- http-outgoing-0 << "[\r][\n]"
11:42:33.146 [main] DEBUG com.github.dockerjava.zerodep.shaded.org.apache.hc.client5.http.impl.classic.InternalHttpClient -- ep-00000002: releasing valid endpoint
11:42:33.146 [main] DEBUG com.github.dockerjava.zerodep.shaded.org.apache.hc.client5.http.impl.io.PoolingHttpClientConnectionManager -- ep-00000002: releasing endpoint
11:42:33.146 [main] DEBUG com.github.dockerjava.zerodep.shaded.org.apache.hc.client5.http.impl.io.PoolingHttpClientConnectionManager -- ep-00000002: connection http-outgoing-0 can be kept alive for 3 MINUTES
11:42:33.146 [main] DEBUG com.github.dockerjava.zerodep.shaded.org.apache.hc.client5.http.impl.io.PoolingHttpClientConnectionManager -- ep-00000002: connection released [route: {}->unix://localhost:2375][total available: 1; route allocated: 1 of 2147483647; total allocated: 1 of 2147483647]
11:42:33.148 [main] DEBUG org.testcontainers.images.AbstractImagePullPolicy -- Using locally available and not pulling image: testcontainers/ryuk:0.4.0
11:42:33.149 [main] DEBUG tc.testcontainers/ryuk:0.4.0 -- Starting container: testcontainers/ryuk:0.4.0
11:42:33.149 [main] DEBUG tc.testcontainers/ryuk:0.4.0 -- Trying to start container: testcontainers/ryuk:0.4.0 (attempt 1/1)
11:42:33.149 [main] DEBUG tc.testcontainers/ryuk:0.4.0 -- Starting container: testcontainers/ryuk:0.4.0
11:42:33.149 [main] INFO tc.testcontainers/ryuk:0.4.0 -- Creating container for image: testcontainers/ryuk:0.4.0
11:42:33.151 [main] DEBUG org.testcontainers.utility.RegistryAuthLocator -- Looking up auth config for image: testcontainers/ryuk:0.4.0 at registry: https://index.docker.io/v1/
11:42:33.151 [main] DEBUG org.testcontainers.utility.RegistryAuthLocator -- RegistryAuthLocator has configFile: /home/shane/.docker/config.json (exists) configEnv: DOCKER_AUTH_CONFIG (does not exist) and commandPathPrefix: 
11:42:33.151 [main] DEBUG org.testcontainers.utility.RegistryAuthLocator -- RegistryAuthLocator reading from configFile: /home/shane/.docker/config.json
11:42:33.151 [main] DEBUG org.testcontainers.utility.RegistryAuthLocator -- registryName [https://index.docker.io/v1/] for dockerImageName [testcontainers/ryuk:0.4.0]
11:42:33.151 [main] DEBUG org.testcontainers.utility.RegistryAuthLocator -- Executing docker credential provider: docker-credential-desktop.exe to locate auth config for: https://index.docker.io/v1/
11:42:33.153 [main] DEBUG org.testcontainers.shaded.org.zeroturnaround.exec.ProcessExecutor -- Executing [docker-credential-desktop.exe, get].
11:42:33.156 [main] DEBUG org.testcontainers.shaded.org.zeroturnaround.exec.ProcessExecutor -- Started Process[pid=602093, exitValue="not exited"]
11:42:33.230 [WaitForProcess-Process[pid=602093, exitValue="not exited"]] DEBUG org.testcontainers.shaded.org.zeroturnaround.exec.WaitForProcess -- Process[pid=602093, exitValue=1] stopped with exit code 1
11:42:33.231 [main] DEBUG org.testcontainers.shaded.org.zeroturnaround.exec.ProcessExecutor -- Executing [docker-credential-desktop.exe, get].
11:42:33.232 [main] DEBUG org.testcontainers.shaded.org.zeroturnaround.exec.ProcessExecutor -- Started Process[pid=602097, exitValue="not exited"]
11:42:33.323 [WaitForProcess-Process[pid=602097, exitValue="not exited"]] DEBUG org.testcontainers.shaded.org.zeroturnaround.exec.WaitForProcess -- Process[pid=602097, exitValue=1] stopped with exit code 1
11:42:33.323 [main] DEBUG org.testcontainers.utility.RegistryAuthLocator -- Got credentials not found error message from docker credential helper - credentials not found in native keychain
11:42:33.323 [main] INFO org.testcontainers.utility.RegistryAuthLocator -- Credential helper/store (docker-credential-desktop.exe) does not have credentials for https://index.docker.io/v1/
11:42:33.324 [main] DEBUG org.testcontainers.utility.RegistryAuthLocator -- No matching Auth Configs - falling back to defaultAuthConfig [null]
11:42:33.324 [main] DEBUG org.testcontainers.dockerclient.AuthDelegatingDockerClientConfig -- Effective auth config [null]
11:42:33.330 [main] DEBUG org.testcontainers.shaded.com.github.dockerjava.core.command.AbstrDockerCmd -- Cmd: org.testcontainers.shaded.com.github.dockerjava.core.command.CreateContainerCmdImpl@4263b080[aliases=<null>,argsEscaped=<null>,attachStderr=<null>,attachStdin=<null>,attachStdout=<null>,authConfig=<null>,cmd={},domainName=<null>,entrypoint=<null>,env={},exposedPorts=ExposedPorts(exposedPorts=[8080/tcp]),healthcheck=<null>,hostConfig=HostConfig(binds=[/var/run/docker.sock:/var/run/docker.sock:rw], blkioWeight=null, blkioWeightDevice=null, blkioDeviceReadBps=null, blkioDeviceWriteBps=null, blkioDeviceReadIOps=null, blkioDeviceWriteIOps=null, memorySwappiness=null, nanoCPUs=null, capAdd=null, capDrop=null, containerIDFile=null, cpuPeriod=null, cpuRealtimePeriod=null, cpuRealtimeRuntime=null, cpuShares=null, cpuQuota=null, cpusetCpus=null, cpusetMems=null, devices=null, deviceCgroupRules=null, deviceRequests=null, diskQuota=null, dns=null, dnsOptions=null, dnsSearch=null, extraHosts=[], groupAdd=null, ipcMode=null, cgroup=null, links=[], logConfig=LogConfig(type=null, config=null), lxcConf=null, memory=null, memorySwap=null, memoryReservation=null, kernelMemory=null, networkMode=null, oomKillDisable=null, init=null, autoRemove=true, oomScoreAdj=null, portBindings={8080/tcp=[Lcom.github.dockerjava.api.model.Ports$Binding;@226f885f}, privileged=false, publishAllPorts=null, readonlyRootfs=null, restartPolicy=null, ulimits=null, cpuCount=null, cpuPercent=null, ioMaximumIOps=null, ioMaximumBandwidth=null, volumesFrom=[], mounts=null, pidMode=null, isolation=null, securityOpts=null, storageOpt=null, cgroupParent=null, volumeDriver=null, shmSize=null, pidsLimit=null, runtime=null, tmpFs=null, utSMode=null, usernsMode=null, sysctls=null, consoleSize=null, cgroupnsMode=null),hostName=<null>,image=testcontainers/ryuk:0.4.0,ipv4Address=<null>,ipv6Address=<null>,labels={org.testcontainers=true, org.testcontainers.lang=java, org.testcontainers.version=1.18.1},macAddress=<null>,name=testcontainers-ryuk-6bf517ca-ce7d-427b-aa6b-16888a9bfaf7,networkDisabled=<null>,networkingConfig=<null>,onBuild=<null>,platform=<null>,portSpecs=<null>,shell=<null>,stdInOnce=<null>,stdinOpen=<null>,stopSignal=<null>,stopTimeout=<null>,tty=<null>,user=<null>,volumes=Volumes(volumes=[]),workingDir=<null>]
11:42:33.369 [main] DEBUG com.github.dockerjava.zerodep.shaded.org.apache.hc.client5.http.impl.classic.InternalHttpClient -- ex-00000004: preparing request execution
11:42:33.369 [main] DEBUG com.github.dockerjava.zerodep.shaded.org.apache.hc.client5.http.protocol.RequestAddCookies -- Cookie spec selected: strict
11:42:33.369 [main] DEBUG com.github.dockerjava.zerodep.shaded.org.apache.hc.client5.http.protocol.RequestAuthCache -- Auth cache not set in the context
11:42:33.369 [main] DEBUG com.github.dockerjava.zerodep.shaded.org.apache.hc.client5.http.impl.classic.ProtocolExec -- ex-00000004: target auth state: UNCHALLENGED
11:42:33.369 [main] DEBUG com.github.dockerjava.zerodep.shaded.org.apache.hc.client5.http.impl.classic.ProtocolExec -- ex-00000004: proxy auth state: UNCHALLENGED
11:42:33.369 [main] DEBUG com.github.dockerjava.zerodep.shaded.org.apache.hc.client5.http.impl.classic.ConnectExec -- ex-00000004: acquiring connection with route {}->unix://localhost:2375
11:42:33.369 [main] DEBUG com.github.dockerjava.zerodep.shaded.org.apache.hc.client5.http.impl.classic.InternalHttpClient -- ex-00000004: acquiring endpoint (3 MINUTES)
11:42:33.369 [main] DEBUG com.github.dockerjava.zerodep.shaded.org.apache.hc.client5.http.impl.io.PoolingHttpClientConnectionManager -- ex-00000004: endpoint lease request (3 MINUTES) [route: {}->unix://localhost:2375][total available: 1; route allocated: 1 of 2147483647; total allocated: 1 of 2147483647]
11:42:33.369 [main] DEBUG com.github.dockerjava.zerodep.shaded.org.apache.hc.client5.http.impl.io.PoolingHttpClientConnectionManager -- ex-00000004: endpoint leased [route: {}->unix://localhost:2375][total available: 0; route allocated: 1 of 2147483647; total allocated: 1 of 2147483647]
11:42:33.369 [main] DEBUG com.github.dockerjava.zerodep.shaded.org.apache.hc.client5.http.impl.io.PoolingHttpClientConnectionManager -- ex-00000004: acquired ep-00000003
11:42:33.369 [main] DEBUG com.github.dockerjava.zerodep.shaded.org.apache.hc.client5.http.impl.classic.InternalHttpClient -- ex-00000004: acquired endpoint ep-00000003
11:42:33.369 [main] DEBUG com.github.dockerjava.zerodep.shaded.org.apache.hc.client5.http.impl.classic.MainClientExec -- ex-00000004: executing POST /v1.32/containers/create?name=testcontainers-ryuk-6bf517ca-ce7d-427b-aa6b-16888a9bfaf7 HTTP/1.1
11:42:33.369 [main] DEBUG com.github.dockerjava.zerodep.shaded.org.apache.hc.client5.http.impl.classic.InternalHttpClient -- ep-00000003: start execution ex-00000004
11:42:33.369 [main] DEBUG com.github.dockerjava.zerodep.shaded.org.apache.hc.client5.http.impl.io.PoolingHttpClientConnectionManager -- ep-00000003: executing exchange ex-00000004 over http-outgoing-0
11:42:33.369 [main] DEBUG com.github.dockerjava.zerodep.shaded.org.apache.hc.client5.http.headers -- http-outgoing-0 >> POST /v1.32/containers/create?name=testcontainers-ryuk-6bf517ca-ce7d-427b-aa6b-16888a9bfaf7 HTTP/1.1
11:42:33.369 [main] DEBUG com.github.dockerjava.zerodep.shaded.org.apache.hc.client5.http.headers -- http-outgoing-0 >> accept: application/json
11:42:33.369 [main] DEBUG com.github.dockerjava.zerodep.shaded.org.apache.hc.client5.http.headers -- http-outgoing-0 >> content-type: application/json
11:42:33.369 [main] DEBUG com.github.dockerjava.zerodep.shaded.org.apache.hc.client5.http.headers -- http-outgoing-0 >> x-tc-sid: 6bf517ca-ce7d-427b-aa6b-16888a9bfaf7
11:42:33.369 [main] DEBUG com.github.dockerjava.zerodep.shaded.org.apache.hc.client5.http.headers -- http-outgoing-0 >> Accept-Encoding: gzip, x-gzip, deflate
11:42:33.369 [main] DEBUG com.github.dockerjava.zerodep.shaded.org.apache.hc.client5.http.headers -- http-outgoing-0 >> Content-Length: 1955
11:42:33.369 [main] DEBUG com.github.dockerjava.zerodep.shaded.org.apache.hc.client5.http.headers -- http-outgoing-0 >> Host: localhost:2375
11:42:33.369 [main] DEBUG com.github.dockerjava.zerodep.shaded.org.apache.hc.client5.http.headers -- http-outgoing-0 >> Connection: keep-alive
11:42:33.369 [main] DEBUG com.github.dockerjava.zerodep.shaded.org.apache.hc.client5.http.headers -- http-outgoing-0 >> User-Agent: Apache-HttpClient/5.0.3 (Java/17.0.6)
11:42:33.369 [main] DEBUG com.github.dockerjava.zerodep.shaded.org.apache.hc.client5.http.wire -- http-outgoing-0 >> "POST /v1.32/containers/create?name=testcontainers-ryuk-6bf517ca-ce7d-427b-aa6b-16888a9bfaf7 HTTP/1.1[\r][\n]"
11:42:33.369 [main] DEBUG com.github.dockerjava.zerodep.shaded.org.apache.hc.client5.http.wire -- http-outgoing-0 >> "accept: application/json[\r][\n]"
11:42:33.369 [main] DEBUG com.github.dockerjava.zerodep.shaded.org.apache.hc.client5.http.wire -- http-outgoing-0 >> "content-type: application/json[\r][\n]"
11:42:33.369 [main] DEBUG com.github.dockerjava.zerodep.shaded.org.apache.hc.client5.http.wire -- http-outgoing-0 >> "x-tc-sid: 6bf517ca-ce7d-427b-aa6b-16888a9bfaf7[\r][\n]"
11:42:33.369 [main] DEBUG com.github.dockerjava.zerodep.shaded.org.apache.hc.client5.http.wire -- http-outgoing-0 >> "Accept-Encoding: gzip, x-gzip, deflate[\r][\n]"
11:42:33.369 [main] DEBUG com.github.dockerjava.zerodep.shaded.org.apache.hc.client5.http.wire -- http-outgoing-0 >> "Content-Length: 1955[\r][\n]"
11:42:33.369 [main] DEBUG com.github.dockerjava.zerodep.shaded.org.apache.hc.client5.http.wire -- http-outgoing-0 >> "Host: localhost:2375[\r][\n]"
11:42:33.369 [main] DEBUG com.github.dockerjava.zerodep.shaded.org.apache.hc.client5.http.wire -- http-outgoing-0 >> "Connection: keep-alive[\r][\n]"
11:42:33.369 [main] DEBUG com.github.dockerjava.zerodep.shaded.org.apache.hc.client5.http.wire -- http-outgoing-0 >> "User-Agent: Apache-HttpClient/5.0.3 (Java/17.0.6)[\r][\n]"
11:42:33.369 [main] DEBUG com.github.dockerjava.zerodep.shaded.org.apache.hc.client5.http.wire -- http-outgoing-0 >> "[\r][\n]"
11:42:33.370 [main] DEBUG com.github.dockerjava.zerodep.shaded.org.apache.hc.client5.http.wire -- http-outgoing-0 >> "{"Hostname":null,"Domainname":null,"User":null,"AttachStdin":null,"AttachStdout":null,"AttachStderr":null,"PortSpecs":null,"Tty":null,"OpenStdin":null,"StdinOnce":null,"Env":[],"Cmd":[],"Healthcheck":null,"ArgsEscaped":null,"Entrypoint":null,"Image":"testcontainers/ryuk:0.4.0","Volumes":{},"WorkingDir":null,"MacAddress":null,"OnBuild":null,"NetworkDisabled":null,"ExposedPorts":{"8080/tcp":{}},"StopSignal":null,"StopTimeout":null,"HostConfig":{"Binds":["/var/run/docker.sock:/var/run/docker.sock:rw"],"BlkioWeight":null,"BlkioWeightDevice":null,"BlkioDeviceReadBps":null,"BlkioDeviceWriteBps":null,"BlkioDeviceReadIOps":null,"BlkioDeviceWriteIOps":null,"MemorySwappiness":null,"NanoCpus":null,"CapAdd":null,"CapDrop":null,"ContainerIDFile":null,"CpuPeriod":null,"CpuRealtimePeriod":null,"CpuRealtimeRuntime":null,"CpuShares":null,"CpuQuota":null,"CpusetCpus":null,"CpusetMems":null,"Devices":null,"DeviceCgroupRules":null,"DeviceRequests":null,"DiskQuota":null,"Dns":null,"DnsOptions":null,"DnsSearch":null,"ExtraHosts":[],"GroupAdd":null,"IpcMode":null,"Cgroup":null,"Links":[],"LogConfig":null,"LxcConf":null,"Memory":null,"MemorySwap":null,"MemoryReservation":null,"KernelMemory":null,"NetworkMode":null,"OomKillDisable":null,"Init":null,"AutoRemove":true,"OomScoreAdj":null,"PortBindings":{"8080/tcp":[{"HostIp":"","HostPort":""}]},"Privileged":false,"PublishAllPorts":null,"ReadonlyRootfs":null,"RestartPolicy":null,"Ulimits":null,"CpuCount":null,"CpuPercent":null,"IOMaximumIOps":null,"IOMaximumBandwidth":null,"VolumesFrom":[],"Mounts":null,"PidMode":null,"Isolation":null,"SecurityOpt":null,"StorageOpt":null,"CgroupParent":null,"VolumeDriver":null,"ShmSize":null,"PidsLimit":null,"Runtime":null,"Tmpfs":null,"UTSMode":null,"UsernsMode":null,"Sysctls":null,"ConsoleSize":null,"CgroupnsMode":null},"Labels":{"org.testcontainers":"true","org.testcontainers.lang":"java","org.testcontainers.version":"1.18.1"},"Shell":null,"NetworkingConfig":null}"
11:42:33.392 [main] DEBUG com.github.dockerjava.zerodep.shaded.org.apache.hc.client5.http.wire -- http-outgoing-0 << "HTTP/1.1 201 Created[\r][\n]"
11:42:33.393 [main] DEBUG com.github.dockerjava.zerodep.shaded.org.apache.hc.client5.http.wire -- http-outgoing-0 << "Api-Version: 1.42[\r][\n]"
11:42:33.393 [main] DEBUG com.github.dockerjava.zerodep.shaded.org.apache.hc.client5.http.wire -- http-outgoing-0 << "Content-Type: application/json[\r][\n]"
11:42:33.393 [main] DEBUG com.github.dockerjava.zerodep.shaded.org.apache.hc.client5.http.wire -- http-outgoing-0 << "Date: Fri, 02 Jun 2023 18:42:33 GMT[\r][\n]"
11:42:33.393 [main] DEBUG com.github.dockerjava.zerodep.shaded.org.apache.hc.client5.http.wire -- http-outgoing-0 << "Docker-Experimental: false[\r][\n]"
[...]
	at org.junit.platform.engine.support.hierarchical.NodeTestTask.lambda$executeRecursively$6(NodeTestTask.java:155)
	at org.junit.platform.engine.support.hierarchical.ThrowableCollector.execute(ThrowableCollector.java:73)
	at org.junit.platform.engine.support.hierarchical.NodeTestTask.lambda$executeRecursively$8(NodeTestTask.java:141)
	at org.junit.platform.engine.support.hierarchical.Node.around(Node.java:137)
	at org.junit.platform.engine.support.hierarchical.NodeTestTask.lambda$executeRecursively$9(NodeTestTask.java:139)
	at org.junit.platform.engine.support.hierarchical.ThrowableCollector.execute(ThrowableCollector.java:73)
	at org.junit.platform.engine.support.hierarchical.NodeTestTask.executeRecursively(NodeTestTask.java:138)
	at org.junit.platform.engine.support.hierarchical.NodeTestTask.execute(NodeTestTask.java:95)
	at org.junit.platform.engine.support.hierarchical.SameThreadHierarchicalTestExecutorService.submit(SameThreadHierarchicalTestExecutorService.java:35)
	at org.junit.platform.engine.support.hierarchical.HierarchicalTestExecutor.execute(HierarchicalTestExecutor.java:57)
	at org.junit.platform.engine.support.hierarchical.HierarchicalTestEngine.execute(HierarchicalTestEngine.java:54)
	at org.junit.platform.launcher.core.DefaultLauncher.execute(DefaultLauncher.java:220)
	at org.junit.platform.launcher.core.DefaultLauncher.lambda$execute$6(DefaultLauncher.java:188)
	at org.junit.platform.launcher.core.DefaultLauncher.withInterceptedStreams(DefaultLauncher.java:202)
	at org.junit.platform.launcher.core.DefaultLauncher.execute(DefaultLauncher.java:181)
	at org.junit.platform.launcher.core.DefaultLauncher.execute(DefaultLauncher.java:128)
	at org.apache.maven.surefire.junitplatform.JUnitPlatformProvider.invokeAllTests(JUnitPlatformProvider.java:150)
	at org.apache.maven.surefire.junitplatform.JUnitPlatformProvider.invoke(JUnitPlatformProvider.java:124)
	at org.apache.maven.surefire.booter.ForkedBooter.invokeProviderInSameClassLoader(ForkedBooter.java:384)
	at org.apache.maven.surefire.booter.ForkedBooter.runSuitesInProcess(ForkedBooter.java:345)
	at org.apache.maven.surefire.booter.ForkedBooter.execute(ForkedBooter.java:126)
	at org.apache.maven.surefire.booter.ForkedBooter.main(ForkedBooter.java:418)
11:42:36.942 [main] INFO tc.postgres:9.6.9-alpine -- Container postgres:9.6.9-alpine started in PT3.092637134S
11:42:36.942 [main] INFO tc.postgres:9.6.9-alpine -- Container is started (JDBC URL: jdbc:postgresql://localhost:49539/test?loggerLevel=OFF)
11:42:36.942 [main] INFO com.jersey.resources.db.PostgresTestContainer -- started db.
11:42:36.979 [main] ERROR com.jersey.resources.db.PostgresTestContainer -- Error start: 
org.jdbi.v3.core.ConnectionException: java.sql.SQLException: No suitable driver found for jdbc:postgresql://localhost:49539/test?loggerLevel=OFF&user=test&password=test
	at org.jdbi.v3.core.Jdbi.open(Jdbi.java:340)
	at org.jdbi.v3.core.Jdbi.withHandle(Jdbi.java:364)
	at org.jdbi.v3.core.Jdbi.useHandle(Jdbi.java:383)
	at com.jersey.resources.db.PostgresTestContainer.start(PostgresTestContainer.java:60)
	at com.jersey.resources.db.AppTestExtension.<init>(AppTestExtension.java:23)
	at com.jersey.resources.EmployeeResourceTest.<clinit>(EmployeeResourceTest.java:24)
	at java.base/jdk.internal.reflect.NativeMethodAccessorImpl.invoke0(Native Method)
	at java.base/jdk.internal.reflect.NativeMethodAccessorImpl.invoke(NativeMethodAccessorImpl.java:77)
	at java.base/jdk.internal.reflect.DelegatingMethodAccessorImpl.invoke(DelegatingMethodAccessorImpl.java:43)
	at java.base/java.lang.reflect.Method.invoke(Method.java:568)
	at org.junit.platform.commons.util.ReflectionUtils.invokeMethod(ReflectionUtils.java:727)
	at org.junit.jupiter.engine.execution.MethodInvocation.proceed(MethodInvocation.java:60)
	at org.junit.jupiter.engine.execution.InvocationInterceptorChain$ValidatingInvocation.proceed(InvocationInterceptorChain.java:131)
	at org.junit.jupiter.engine.extension.TimeoutExtension.intercept(TimeoutExtension.java:156)
	at org.junit.jupiter.engine.extension.TimeoutExtension.interceptLifecycleMethod(TimeoutExtension.java:128)
	at org.junit.jupiter.engine.extension.TimeoutExtension.interceptBeforeAllMethod(TimeoutExtension.java:70)
	at org.junit.jupiter.engine.execution.InterceptingExecutableInvoker$ReflectiveInterceptorCall.lambda$ofVoidMethod$0(InterceptingExecutableInvoker.java:103)
	at org.junit.jupiter.engine.execution.InterceptingExecutableInvoker.lambda$invoke$0(InterceptingExecutableInvoker.java:93)
	at org.junit.jupiter.engine.execution.InvocationInterceptorChain$InterceptedInvocation.proceed(InvocationInterceptorChain.java:106)
	at org.junit.jupiter.engine.execution.InvocationInterceptorChain.proceed(InvocationInterceptorChain.java:64)
	at org.junit.jupiter.engine.execution.InvocationInterceptorChain.chainAndInvoke(InvocationInterceptorChain.java:45)
	at org.junit.jupiter.engine.execution.InvocationInterceptorChain.invoke(InvocationInterceptorChain.java:37)
	at org.junit.jupiter.engine.execution.InterceptingExecutableInvoker.invoke(InterceptingExecutableInvoker.java:92)
	at org.junit.jupiter.engine.execution.InterceptingExecutableInvoker.invoke(InterceptingExecutableInvoker.java:86)
	at org.junit.jupiter.engine.descriptor.ClassBasedTestDescriptor.lambda$invokeBeforeAllMethods$13(ClassBasedTestDescriptor.java:411)
	at org.junit.platform.engine.support.hierarchical.ThrowableCollector.execute(ThrowableCollector.java:73)
	at org.junit.jupiter.engine.descriptor.ClassBasedTestDescriptor.invokeBeforeAllMethods(ClassBasedTestDescriptor.java:409)
	at org.junit.jupiter.engine.descriptor.ClassBasedTestDescriptor.before(ClassBasedTestDescriptor.java:215)
	at org.junit.jupiter.engine.descriptor.ClassBasedTestDescriptor.before(ClassBasedTestDescriptor.java:84)
	at org.junit.platform.engine.support.hierarchical.NodeTestTask.lambda$executeRecursively$6(NodeTestTask.java:148)
	at org.junit.platform.engine.support.hierarchical.ThrowableCollector.execute(ThrowableCollector.java:73)
	at org.junit.platform.engine.support.hierarchical.NodeTestTask.lambda$executeRecursively$8(NodeTestTask.java:141)
	at org.junit.platform.engine.support.hierarchical.Node.around(Node.java:137)
	at org.junit.platform.engine.support.hierarchical.NodeTestTask.lambda$executeRecursively$9(NodeTestTask.java:139)
	at org.junit.platform.engine.support.hierarchical.ThrowableCollector.execute(ThrowableCollector.java:73)
	at org.junit.platform.engine.support.hierarchical.NodeTestTask.executeRecursively(NodeTestTask.java:138)
	at org.junit.platform.engine.support.hierarchical.NodeTestTask.execute(NodeTestTask.java:95)
	at java.base/java.util.ArrayList.forEach(ArrayList.java:1511)
	at org.junit.platform.engine.support.hierarchical.SameThreadHierarchicalTestExecutorService.invokeAll(SameThreadHierarchicalTestExecutorService.java:41)
	at org.junit.platform.engine.support.hierarchical.NodeTestTask.lambda$executeRecursively$6(NodeTestTask.java:155)
	at org.junit.platform.engine.support.hierarchical.ThrowableCollector.execute(ThrowableCollector.java:73)
	at org.junit.platform.engine.support.hierarchical.NodeTestTask.lambda$executeRecursively$8(NodeTestTask.java:141)
	at org.junit.platform.engine.support.hierarchical.Node.around(Node.java:137)
	at org.junit.platform.engine.support.hierarchical.NodeTestTask.lambda$executeRecursively$9(NodeTestTask.java:139)
	at org.junit.platform.engine.support.hierarchical.ThrowableCollector.execute(ThrowableCollector.java:73)
	at org.junit.platform.engine.support.hierarchical.NodeTestTask.executeRecursively(NodeTestTask.java:138)
	at org.junit.platform.engine.support.hierarchical.NodeTestTask.execute(NodeTestTask.java:95)
	at org.junit.platform.engine.support.hierarchical.SameThreadHierarchicalTestExecutorService.submit(SameThreadHierarchicalTestExecutorService.java:35)
	at org.junit.platform.engine.support.hierarchical.HierarchicalTestExecutor.execute(HierarchicalTestExecutor.java:57)
	at org.junit.platform.engine.support.hierarchical.HierarchicalTestEngine.execute(HierarchicalTestEngine.java:54)
	at org.junit.platform.launcher.core.DefaultLauncher.execute(DefaultLauncher.java:220)
	at org.junit.platform.launcher.core.DefaultLauncher.lambda$execute$6(DefaultLauncher.java:188)
	at org.junit.platform.launcher.core.DefaultLauncher.withInterceptedStreams(DefaultLauncher.java:202)
	at org.junit.platform.launcher.core.DefaultLauncher.execute(DefaultLauncher.java:181)
	at org.junit.platform.launcher.core.DefaultLauncher.execute(DefaultLauncher.java:128)
	at org.apache.maven.surefire.junitplatform.JUnitPlatformProvider.invokeAllTests(JUnitPlatformProvider.java:150)
	at org.apache.maven.surefire.junitplatform.JUnitPlatformProvider.invoke(JUnitPlatformProvider.java:124)
	at org.apache.maven.surefire.booter.ForkedBooter.invokeProviderInSameClassLoader(ForkedBooter.java:384)
	at org.apache.maven.surefire.booter.ForkedBooter.runSuitesInProcess(ForkedBooter.java:345)
	at org.apache.maven.surefire.booter.ForkedBooter.execute(ForkedBooter.java:126)
	at org.apache.maven.surefire.booter.ForkedBooter.main(ForkedBooter.java:418)
Caused by: java.sql.SQLException: No suitable driver found for jdbc:postgresql://localhost:49539/test?loggerLevel=OFF&user=test&password=test
	at java.sql/java.sql.DriverManager.getConnection(DriverManager.java:706)
	at java.sql/java.sql.DriverManager.getConnection(DriverManager.java:252)
	at org.jdbi.v3.core.Jdbi.lambda$create$0(Jdbi.java:121)
	at org.jdbi.v3.core.Jdbi.open(Jdbi.java:318)
	... 60 common frames omitted
11:42:36.979 [main] INFO com.jersey.resources.db.PostgresTestContainer -- imgration complete .
INFO  [2023-06-02 18:42:37,578] io.dropwizard.core.server.DefaultServerFactory: Registering jersey handler with root path prefix: /
INFO  [2023-06-02 18:42:37,579] io.dropwizard.core.server.DefaultServerFactory: Registering admin handler with root path prefix: /
INFO  [2023-06-02 18:42:37,579] com.jersey.App: Registering Jersey Client
INFO  [2023-06-02 18:42:37,698] com.jersey.App: Registering cosmos
INFO  [2023-06-02 18:42:37,918] com.azure.cosmos.implementation.RxDocumentClientImpl: Initializing DocumentClient [1] with serviceEndpoint [your-cosmosdb-endpoint], connectionPolicy [ConnectionPolicy{httpNetworkRequestTimeout=PT1M, tcpNetworkRequestTimeout=PT5S, connectionMode=DIRECT, maxConnectionPoolSize=1000, idleHttpConnectionTimeout=PT1M, idleTcpConnectionTimeout=PT0S, userAgentSuffix='', throttlingRetryOptions=RetryOptions{maxRetryAttemptsOnThrottledRequests=9, maxRetryWaitTime=PT30S}, endpointDiscoveryEnabled=true, preferredRegions=null, multipleWriteRegionsEnabled=true, proxyType=null, inetSocketProxyAddress=null, readRequestsFallbackEnabled=true, connectTimeout=PT5S, idleTcpEndpointTimeout=PT1H, maxConnectionsPerEndpoint=130, maxRequestsPerConnection=30, tcpConnectionEndpointRediscoveryEnabled=true, ioThreadPriority=5, ioThreadCountPerCoreFactor=2, tcpHealthCheckTimeoutDetectionEnabled=true, minConnectionsPerEndpoint=1, defensiveWarmupConcurrency=1, aggressiveWarmupConcurrency=32}], consistencyLevel [null], directModeProtocol [Tcp]
ERROR [2023-06-02 18:42:37,924] com.azure.cosmos.implementation.RxDocumentClientImpl: unexpected failure in initializing client.
! java.lang.IllegalArgumentException: Illegal base64 character 2d
! at java.base/java.util.Base64$Decoder.decode0(Base64.java:848)
! at java.base/java.util.Base64$Decoder.decode(Base64.java:566)
! at com.azure.cosmos.implementation.BaseAuthorizationTokenProvider.createMac(BaseAuthorizationTokenProvider.java:218)
! at com.azure.cosmos.implementation.BaseAuthorizationTokenProvider.lambda$reInitializeIfPossible$0(BaseAuthorizationTokenProvider.java:250)
! at com.azure.cosmos.implementation.MacPool.<init>(MacPool.java:27)
! at com.azure.cosmos.implementation.BaseAuthorizationTokenProvider.reInitializeIfPossible(BaseAuthorizationTokenProvider.java:250)
! at com.azure.cosmos.implementation.BaseAuthorizationTokenProvider.<init>(BaseAuthorizationTokenProvider.java:38)
! at com.azure.cosmos.implementation.RxDocumentClientImpl.<init>(RxDocumentClientImpl.java:420)
! at com.azure.cosmos.implementation.RxDocumentClientImpl.<init>(RxDocumentClientImpl.java:297)
! at com.azure.cosmos.implementation.RxDocumentClientImpl.<init>(RxDocumentClientImpl.java:261)
! at com.azure.cosmos.implementation.AsyncDocumentClient$Builder.build(AsyncDocumentClient.java:262)
! at com.azure.cosmos.CosmosAsyncClient.<init>(CosmosAsyncClient.java:164)
! at com.azure.cosmos.CosmosClientBuilder.buildAsyncClient(CosmosClientBuilder.java:961)
! at com.azure.cosmos.CosmosClient.<init>(CosmosClient.java:34)
! at com.azure.cosmos.CosmosClientBuilder.buildClient(CosmosClientBuilder.java:993)
! at com.jersey.App.run(App.java:65)
! at com.jersey.App.run(App.java:30)
! at io.dropwizard.core.cli.EnvironmentCommand.run(EnvironmentCommand.java:66)
! at io.dropwizard.core.cli.ConfiguredCommand.run(ConfiguredCommand.java:98)
! at io.dropwizard.testing.DropwizardTestSupport.startIfRequired(DropwizardTestSupport.java:304)
! at io.dropwizard.testing.DropwizardTestSupport.before(DropwizardTestSupport.java:204)
! at io.dropwizard.testing.junit5.DropwizardAppExtension.before(DropwizardAppExtension.java:178)
! at com.jersey.resources.EmployeeResourceTest.setUp(EmployeeResourceTest.java:31)
! at java.base/jdk.internal.reflect.NativeMethodAccessorImpl.invoke0(Native Method)
! at java.base/jdk.internal.reflect.NativeMethodAccessorImpl.invoke(NativeMethodAccessorImpl.java:77)
! at java.base/jdk.internal.reflect.DelegatingMethodAccessorImpl.invoke(DelegatingMethodAccessorImpl.java:43)
! at java.base/java.lang.reflect.Method.invoke(Method.java:568)
! at org.junit.platform.commons.util.ReflectionUtils.invokeMethod(ReflectionUtils.java:727)
! at org.junit.jupiter.engine.execution.MethodInvocation.proceed(MethodInvocation.java:60)
! at org.junit.jupiter.engine.execution.InvocationInterceptorChain$ValidatingInvocation.proceed(InvocationInterceptorChain.java:131)
! at org.junit.jupiter.engine.extension.TimeoutExtension.intercept(TimeoutExtension.java:156)
! at org.junit.jupiter.engine.extension.TimeoutExtension.interceptLifecycleMethod(TimeoutExtension.java:128)
! at org.junit.jupiter.engine.extension.TimeoutExtension.interceptBeforeAllMethod(TimeoutExtension.java:70)
! at org.junit.jupiter.engine.execution.InterceptingExecutableInvoker$ReflectiveInterceptorCall.lambda$ofVoidMethod$0(InterceptingExecutableInvoker.java:103)
! at org.junit.jupiter.engine.execution.InterceptingExecutableInvoker.lambda$invoke$0(InterceptingExecutableInvoker.java:93)
! at org.junit.jupiter.engine.execution.InvocationInterceptorChain$InterceptedInvocation.proceed(InvocationInterceptorChain.java:106)
! at org.junit.jupiter.engine.execution.InvocationInterceptorChain.proceed(InvocationInterceptorChain.java:64)
! at org.junit.jupiter.engine.execution.InvocationInterceptorChain.chainAndInvoke(InvocationInterceptorChain.java:45)
! at org.junit.jupiter.engine.execution.InvocationInterceptorChain.invoke(InvocationInterceptorChain.java:37)
! at org.junit.jupiter.engine.execution.InterceptingExecutableInvoker.invoke(InterceptingExecutableInvoker.java:92)
! at org.junit.jupiter.engine.execution.InterceptingExecutableInvoker.invoke(InterceptingExecutableInvoker.java:86)
! at org.junit.jupiter.engine.descriptor.ClassBasedTestDescriptor.lambda$invokeBeforeAllMethods$13(ClassBasedTestDescriptor.java:411)
! at org.junit.platform.engine.support.hierarchical.ThrowableCollector.execute(ThrowableCollector.java:73)
! at org.junit.jupiter.engine.descriptor.ClassBasedTestDescriptor.invokeBeforeAllMethods(ClassBasedTestDescriptor.java:409)
! at org.junit.jupiter.engine.descriptor.ClassBasedTestDescriptor.before(ClassBasedTestDescriptor.java:215)
! at org.junit.jupiter.engine.descriptor.ClassBasedTestDescriptor.before(ClassBasedTestDescriptor.java:84)
! at org.junit.platform.engine.support.hierarchical.NodeTestTask.lambda$executeRecursively$6(NodeTestTask.java:148)
! at org.junit.platform.engine.support.hierarchical.ThrowableCollector.execute(ThrowableCollector.java:73)
! at org.junit.platform.engine.support.hierarchical.NodeTestTask.lambda$executeRecursively$8(NodeTestTask.java:141)
! at org.junit.platform.engine.support.hierarchical.Node.around(Node.java:137)
! at org.junit.platform.engine.support.hierarchical.NodeTestTask.lambda$executeRecursively$9(NodeTestTask.java:139)
! at org.junit.platform.engine.support.hierarchical.ThrowableCollector.execute(ThrowableCollector.java:73)
! at org.junit.platform.engine.support.hierarchical.NodeTestTask.executeRecursively(NodeTestTask.java:138)
! at org.junit.platform.engine.support.hierarchical.NodeTestTask.execute(NodeTestTask.java:95)
! at java.base/java.util.ArrayList.forEach(ArrayList.java:1511)
! at org.junit.platform.engine.support.hierarchical.SameThreadHierarchicalTestExecutorService.invokeAll(SameThreadHierarchicalTestExecutorService.java:41)
! at org.junit.platform.engine.support.hierarchical.NodeTestTask.lambda$executeRecursively$6(NodeTestTask.java:155)
! at org.junit.platform.engine.support.hierarchical.ThrowableCollector.execute(ThrowableCollector.java:73)
! at org.junit.platform.engine.support.hierarchical.NodeTestTask.lambda$executeRecursively$8(NodeTestTask.java:141)
! at org.junit.platform.engine.support.hierarchical.Node.around(Node.java:137)
! at org.junit.platform.engine.support.hierarchical.NodeTestTask.lambda$executeRecursively$9(NodeTestTask.java:139)
! at org.junit.platform.engine.support.hierarchical.ThrowableCollector.execute(ThrowableCollector.java:73)
! at org.junit.platform.engine.support.hierarchical.NodeTestTask.executeRecursively(NodeTestTask.java:138)
! at org.junit.platform.engine.support.hierarchical.NodeTestTask.execute(NodeTestTask.java:95)
! at org.junit.platform.engine.support.hierarchical.SameThreadHierarchicalTestExecutorService.submit(SameThreadHierarchicalTestExecutorService.java:35)
! at org.junit.platform.engine.support.hierarchical.HierarchicalTestExecutor.execute(HierarchicalTestExecutor.java:57)
! at org.junit.platform.engine.support.hierarchical.HierarchicalTestEngine.execute(HierarchicalTestEngine.java:54)
! at org.junit.platform.launcher.core.DefaultLauncher.execute(DefaultLauncher.java:220)
! at org.junit.platform.launcher.core.DefaultLauncher.lambda$execute$6(DefaultLauncher.java:188)
! at org.junit.platform.launcher.core.DefaultLauncher.withInterceptedStreams(DefaultLauncher.java:202)
! at org.junit.platform.launcher.core.DefaultLauncher.execute(DefaultLauncher.java:181)
! at org.junit.platform.launcher.core.DefaultLauncher.execute(DefaultLauncher.java:128)
! at org.apache.maven.surefire.junitplatform.JUnitPlatformProvider.invokeAllTests(JUnitPlatformProvider.java:150)
! at org.apache.maven.surefire.junitplatform.JUnitPlatformProvider.invoke(JUnitPlatformProvider.java:124)
! at org.apache.maven.surefire.booter.ForkedBooter.invokeProviderInSameClassLoader(ForkedBooter.java:384)
! at org.apache.maven.surefire.booter.ForkedBooter.runSuitesInProcess(ForkedBooter.java:345)
! at org.apache.maven.surefire.booter.ForkedBooter.execute(ForkedBooter.java:126)
! at org.apache.maven.surefire.booter.ForkedBooter.main(ForkedBooter.java:418)
INFO  [2023-06-02 18:42:37,924] com.azure.cosmos.implementation.RxDocumentClientImpl: Attempting to close client 1
INFO  [2023-06-02 18:42:37,924] com.azure.cosmos.implementation.RxDocumentClientImpl: Shutting down ...
INFO  [2023-06-02 18:42:37,924] com.azure.cosmos.implementation.RxDocumentClientImpl: Closing Global Endpoint Manager ...
INFO  [2023-06-02 18:42:37,924] com.azure.cosmos.implementation.RxDocumentClientImpl: Closing StoreClientFactory ...
INFO  [2023-06-02 18:42:37,924] com.azure.cosmos.implementation.RxDocumentClientImpl: Shutting down reactorHttpClient ...
INFO  [2023-06-02 18:42:37,924] com.azure.cosmos.implementation.RxDocumentClientImpl: Shutting down CpuMonitor ...
INFO  [2023-06-02 18:42:37,927] com.azure.cosmos.implementation.RxDocumentClientImpl: Shutting down completed.
]]></system-out>
  </testcase>
</testsuite>